<?xml version="1.0" encoding="UTF-8"?>
<coverage generated="1780603585940" clover="3.2.0">
  <project timestamp="1780603585940" name="All files">
    <metrics statements="267" coveredstatements="224" conditionals="141" coveredconditionals="107" methods="94" coveredmethods="81" elements="502" coveredelements="412" complexity="0" loc="267" ncloc="267" packages="10" files="24" classes="24"/>
    <package name="components">
      <metrics statements="5" coveredstatements="5" conditionals="4" coveredconditionals="3" methods="1" coveredmethods="1"/>
      <file name="ConnectionStatus.tsx" path="/sgoinfre/students/mdiaz-or/ft_transcendence/frontend/src/components/ConnectionStatus.tsx">
        <metrics statements="5" coveredstatements="5" conditionals="4" coveredconditionals="3" methods="1" coveredmethods="1"/>
        <line num="3" count="3" type="stmt"/>
        <line num="14" count="3" type="stmt"/>
        <line num="15" count="13" type="cond" truecount="1" falsecount="1"/>
        <line num="17" count="13" type="stmt"/>
        <line num="19" count="13" type="stmt"/>
      </file>
    </package>
    <package name="features.chess">
      <metrics statements="33" coveredstatements="33" conditionals="30" coveredconditionals="29" methods="13" coveredmethods="12"/>
      <file name="ChessBoard.tsx" path="/sgoinfre/students/mdiaz-or/ft_transcendence/frontend/src/features/chess/ChessBoard.tsx">
        <metrics statements="26" coveredstatements="26" conditionals="26" coveredconditionals="25" methods="9" coveredmethods="9"/>
        <line num="6" count="2" type="stmt"/>
        <line num="7" count="14" type="stmt"/>
        <line num="8" count="14" type="stmt"/>
        <line num="9" count="112" type="stmt"/>
        <line num="10" count="112" type="stmt"/>
        <line num="11" count="516" type="cond" truecount="2" falsecount="0"/>
        <line num="12" count="448" type="stmt"/>
        <line num="14" count="68" type="stmt"/>
        <line num="17" count="112" type="stmt"/>
        <line num="22" count="2" type="stmt"/>
        <line num="23" count="1088" type="stmt"/>
        <line num="24" count="1088" type="stmt"/>
        <line num="25" count="1088" type="stmt"/>
        <line num="28" count="2" type="stmt"/>
        <line num="39" count="2" type="cond" truecount="1" falsecount="0"/>
        <line num="40" count="17" type="stmt"/>
        <line num="41" count="17" type="stmt"/>
        <line num="43" count="17" type="stmt"/>
        <line num="59" count="136" type="stmt"/>
        <line num="60" count="1088" type="stmt"/>
        <line num="61" count="1088" type="stmt"/>
        <line num="62" count="1088" type="stmt"/>
        <line num="64" count="1088" type="cond" truecount="2" falsecount="0"/>
        <line num="67" count="1088" type="stmt"/>
        <line num="71" count="3" type="stmt"/>
        <line num="103" count="136" type="stmt"/>
      </file>
      <file name="ChessGamePage.tsx" path="/sgoinfre/students/mdiaz-or/ft_transcendence/frontend/src/features/chess/ChessGamePage.tsx">
        <metrics statements="4" coveredstatements="4" conditionals="4" coveredconditionals="4" methods="1" coveredmethods="1"/>
        <line num="5" count="1" type="stmt"/>
        <line num="6" count="13" type="stmt"/>
        <line num="8" count="13" type="cond" truecount="2" falsecount="0"/>
        <line num="10" count="8" type="stmt"/>
      </file>
      <file name="service.ts" path="/sgoinfre/students/mdiaz-or/ft_transcendence/frontend/src/features/chess/service.ts">
        <metrics statements="3" coveredstatements="3" conditionals="0" coveredconditionals="0" methods="3" coveredmethods="2"/>
        <line num="6" count="11" type="stmt"/>
        <line num="9" count="2" type="stmt"/>
        <line num="12" count="2" type="stmt"/>
      </file>
    </package>
    <package name="features.chess.hooks">
      <metrics statements="52" coveredstatements="41" conditionals="16" coveredconditionals="9" methods="12" coveredmethods="11"/>
      <file name="useChessBoard.ts" path="/sgoinfre/students/mdiaz-or/ft_transcendence/frontend/src/features/chess/hooks/useChessBoard.ts">
        <metrics statements="17" coveredstatements="17" conditionals="4" coveredconditionals="4" methods="3" coveredmethods="3"/>
        <line num="11" count="3" type="stmt"/>
        <line num="14" count="28" type="stmt"/>
        <line num="15" count="28" type="stmt"/>
        <line num="17" count="28" type="stmt"/>
        <line num="18" count="9" type="cond" truecount="2" falsecount="0"/>
        <line num="19" count="6" type="stmt"/>
        <line num="20" count="6" type="stmt"/>
        <line num="22" count="3" type="cond" truecount="2" falsecount="0"/>
        <line num="23" count="1" type="stmt"/>
        <line num="24" count="1" type="stmt"/>
        <line num="27" count="2" type="stmt"/>
        <line num="28" count="2" type="stmt"/>
        <line num="29" count="2" type="stmt"/>
        <line num="32" count="28" type="stmt"/>
        <line num="33" count="1" type="stmt"/>
        <line num="34" count="1" type="stmt"/>
        <line num="36" count="28" type="stmt"/>
      </file>
      <file name="useChessGame.ts" path="/sgoinfre/students/mdiaz-or/ft_transcendence/frontend/src/features/chess/hooks/useChessGame.ts">
        <metrics statements="35" coveredstatements="24" conditionals="12" coveredconditionals="5" methods="9" coveredmethods="8"/>
        <line num="8" count="2" type="stmt"/>
        <line num="10" count="2" type="stmt"/>
        <line num="11" count="94" type="stmt"/>
        <line num="12" count="94" type="stmt"/>
        <line num="13" count="94" type="stmt"/>
        <line num="14" count="94" type="stmt"/>
        <line num="15" count="27" type="cond" truecount="1" falsecount="1"/>
        <line num="18" count="27" type="stmt"/>
        <line num="19" count="11" type="stmt"/>
        <line num="20" count="11" type="stmt"/>
        <line num="21" count="11" type="stmt"/>
        <line num="22" count="11" type="cond" truecount="1" falsecount="1"/>
        <line num="24" count="0" type="stmt"/>
        <line num="25" count="0" type="stmt"/>
        <line num="29" count="11" type="stmt"/>
        <line num="30" count="10" type="stmt"/>
        <line num="33" count="1" type="stmt"/>
        <line num="36" count="11" type="stmt"/>
        <line num="40" count="27" type="stmt"/>
        <line num="41" count="3" type="cond" truecount="2" falsecount="0"/>
        <line num="42" count="2" type="stmt"/>
        <line num="43" count="2" type="cond" truecount="1" falsecount="1"/>
        <line num="45" count="0" type="stmt"/>
        <line num="46" count="0" type="stmt"/>
        <line num="49" count="2" type="stmt"/>
        <line num="53" count="1" type="stmt"/>
        <line num="58" count="27" type="stmt"/>
        <line num="59" count="0" type="cond" truecount="0" falsecount="2"/>
        <line num="60" count="0" type="stmt"/>
        <line num="61" count="0" type="cond" truecount="0" falsecount="2"/>
        <line num="62" count="0" type="stmt"/>
        <line num="63" count="0" type="stmt"/>
        <line num="65" count="0" type="stmt"/>
        <line num="69" count="0" type="stmt"/>
        <line num="72" count="27" type="stmt"/>
      </file>
    </package>
    <package name="features.sudoku">
      <metrics statements="45" coveredstatements="45" conditionals="56" coveredconditionals="48" methods="16" coveredmethods="16"/>
      <file name="SudokuBoard.tsx" path="/sgoinfre/students/mdiaz-or/ft_transcendence/frontend/src/features/sudoku/SudokuBoard.tsx">
        <metrics statements="35" coveredstatements="35" conditionals="46" coveredconditionals="38" methods="12" coveredmethods="12"/>
        <line num="12" count="2" type="stmt"/>
        <line num="18" count="1377" type="stmt"/>
        <line num="20" count="1377" type="cond" truecount="2" falsecount="0"/>
        <line num="26" count="1377" type="cond" truecount="2" falsecount="0"/>
        <line num="32" count="1377" type="stmt"/>
        <line num="35" count="2" type="stmt"/>
        <line num="42" count="17" type="cond" truecount="1" falsecount="1"/>
        <line num="44" count="17" type="stmt"/>
        <line num="47" count="17" type="stmt"/>
        <line num="48" count="1377" type="stmt"/>
        <line num="51" count="17" type="stmt"/>
        <line num="52" count="1377" type="cond" truecount="2" falsecount="0"/>
        <line num="53" count="162" type="stmt"/>
        <line num="54" count="162" type="stmt"/>
        <line num="55" count="162" type="stmt"/>
        <line num="56" count="162" type="cond" truecount="2" falsecount="0"/>
        <line num="58" count="1377" type="cond" truecount="3" falsecount="0"/>
        <line num="61" count="17" type="stmt"/>
        <line num="62" count="1" type="cond" truecount="3" falsecount="1"/>
        <line num="64" count="1" type="stmt"/>
        <line num="65" count="1" type="cond" truecount="3" falsecount="1"/>
        <line num="66" count="1" type="cond" truecount="3" falsecount="1"/>
        <line num="67" count="1" type="cond" truecount="1" falsecount="1"/>
        <line num="70" count="17" type="stmt"/>
        <line num="71" count="17" type="stmt"/>
        <line num="72" count="17" type="stmt"/>
        <line num="75" count="17" type="stmt"/>
        <line num="83" count="153" type="stmt"/>
        <line num="84" count="1377" type="cond" truecount="2" falsecount="0"/>
        <line num="85" count="1377" type="stmt"/>
        <line num="90" count="1377" type="cond" truecount="3" falsecount="0"/>
        <line num="92" count="1377" type="stmt"/>
        <line num="99" count="2" type="cond" truecount="1" falsecount="1"/>
        <line num="100" count="2" type="stmt"/>
        <line num="120" count="117" type="stmt"/>
      </file>
      <file name="SudokuGamePage.tsx" path="/sgoinfre/students/mdiaz-or/ft_transcendence/frontend/src/features/sudoku/SudokuGamePage.tsx">
        <metrics statements="8" coveredstatements="8" conditionals="10" coveredconditionals="10" methods="2" coveredmethods="2"/>
        <line num="7" count="1" type="stmt"/>
        <line num="8" count="10" type="stmt"/>
        <line num="11" count="10" type="stmt"/>
        <line num="12" count="10" type="cond" truecount="4" falsecount="0"/>
        <line num="13" count="27" type="stmt"/>
        <line num="15" count="10" type="cond" truecount="4" falsecount="0"/>
        <line num="16" count="4" type="stmt"/>
        <line num="18" count="6" type="stmt"/>
      </file>
      <file name="service.ts" path="/sgoinfre/students/mdiaz-or/ft_transcendence/frontend/src/features/sudoku/service.ts">
        <metrics statements="2" coveredstatements="2" conditionals="0" coveredconditionals="0" methods="2" coveredmethods="2"/>
        <line num="5" count="8" type="stmt"/>
        <line num="8" count="2" type="stmt"/>
      </file>
      <file name="types.ts" path="/sgoinfre/students/mdiaz-or/ft_transcendence/frontend/src/features/sudoku/types.ts">
        <metrics statements="0" coveredstatements="0" conditionals="0" coveredconditionals="0" methods="0" coveredmethods="0"/>
      </file>
    </package>
    <package name="features.sudoku.hooks">
      <metrics statements="40" coveredstatements="36" conditionals="12" coveredconditionals="8" methods="13" coveredmethods="13"/>
      <file name="useSudokuBoard.ts" path="/sgoinfre/students/mdiaz-or/ft_transcendence/frontend/src/features/sudoku/hooks/useSudokuBoard.ts">
        <metrics statements="15" coveredstatements="15" conditionals="6" coveredconditionals="5" methods="5" coveredmethods="5"/>
        <line num="11" count="3" type="stmt"/>
        <line num="16" count="27" type="stmt"/>
        <line num="18" count="27" type="stmt"/>
        <line num="19" count="9" type="stmt"/>
        <line num="23" count="27" type="stmt"/>
        <line num="24" count="6" type="cond" truecount="2" falsecount="0"/>
        <line num="25" count="5" type="stmt"/>
        <line num="28" count="27" type="stmt"/>
        <line num="29" count="5" type="cond" truecount="2" falsecount="0"/>
        <line num="30" count="3" type="stmt"/>
        <line num="31" count="3" type="cond" truecount="1" falsecount="1"/>
        <line num="34" count="3" type="stmt"/>
        <line num="35" count="3" type="stmt"/>
        <line num="37" count="27" type="stmt"/>
        <line num="39" count="27" type="stmt"/>
      </file>
      <file name="useSudokuGame.ts" path="/sgoinfre/students/mdiaz-or/ft_transcendence/frontend/src/features/sudoku/hooks/useSudokuGame.ts">
        <metrics statements="25" coveredstatements="21" conditionals="6" coveredconditionals="3" methods="8" coveredmethods="8"/>
        <line num="7" count="2" type="stmt"/>
        <line num="9" count="2" type="stmt"/>
        <line num="10" count="69" type="stmt"/>
        <line num="11" count="69" type="stmt"/>
        <line num="12" count="69" type="stmt"/>
        <line num="13" count="69" type="stmt"/>
        <line num="14" count="20" type="cond" truecount="1" falsecount="1"/>
        <line num="16" count="20" type="stmt"/>
        <line num="17" count="8" type="stmt"/>
        <line num="18" count="8" type="stmt"/>
        <line num="19" count="8" type="stmt"/>
        <line num="20" count="8" type="cond" truecount="1" falsecount="1"/>
        <line num="21" count="0" type="stmt"/>
        <line num="22" count="0" type="stmt"/>
        <line num="24" count="8" type="stmt"/>
        <line num="25" count="7" type="stmt"/>
        <line num="28" count="1" type="stmt"/>
        <line num="31" count="8" type="stmt"/>
        <line num="34" count="20" type="stmt"/>
        <line num="35" count="1" type="stmt"/>
        <line num="36" count="1" type="cond" truecount="1" falsecount="1"/>
        <line num="37" count="0" type="stmt"/>
        <line num="39" count="1" type="stmt"/>
        <line num="43" count="0" type="stmt"/>
        <line num="46" count="20" type="stmt"/>
      </file>
    </package>
    <package name="hooks">
      <metrics statements="46" coveredstatements="26" conditionals="15" coveredconditionals="5" methods="13" coveredmethods="7"/>
      <file name="index.ts" path="/sgoinfre/students/mdiaz-or/ft_transcendence/frontend/src/hooks/index.ts">
        <metrics statements="0" coveredstatements="0" conditionals="0" coveredconditionals="0" methods="0" coveredmethods="0"/>
      </file>
      <file name="useActionCable.ts" path="/sgoinfre/students/mdiaz-or/ft_transcendence/frontend/src/hooks/useActionCable.ts">
        <metrics statements="12" coveredstatements="10" conditionals="4" coveredconditionals="4" methods="3" coveredmethods="2"/>
        <line num="5" count="4" type="cond" truecount="2" falsecount="0"/>
        <line num="8" count="4" type="stmt"/>
        <line num="10" count="4" type="stmt"/>
        <line num="11" count="47" type="cond" truecount="2" falsecount="0"/>
        <line num="12" count="4" type="stmt"/>
        <line num="14" count="47" type="stmt"/>
        <line num="17" count="4" type="stmt"/>
        <line num="18" count="0" type="stmt"/>
        <line num="19" count="0" type="stmt"/>
        <line num="22" count="4" type="stmt"/>
        <line num="23" count="47" type="stmt"/>
        <line num="24" count="47" type="stmt"/>
      </file>
      <file name="useGameChannel.ts" path="/sgoinfre/students/mdiaz-or/ft_transcendence/frontend/src/hooks/useGameChannel.ts">
        <metrics statements="34" coveredstatements="16" conditionals="11" coveredconditionals="1" methods="10" coveredmethods="5"/>
        <line num="20" count="4" type="stmt"/>
        <line num="21" count="47" type="stmt"/>
        <line num="22" count="47" type="stmt"/>
        <line num="23" count="47" type="stmt"/>
        <line num="24" count="47" type="stmt"/>
        <line num="26" count="163" type="stmt"/>
        <line num="27" count="163" type="stmt"/>
        <line num="29" count="47" type="stmt"/>
        <line num="30" count="19" type="cond" truecount="1" falsecount="1"/>
        <line num="32" count="19" type="stmt"/>
        <line num="34" count="19" type="stmt"/>
        <line num="38" count="0" type="stmt"/>
        <line num="41" count="0" type="stmt"/>
        <line num="43" count="0" type="stmt"/>
        <line num="44" count="0" type="stmt"/>
        <line num="48" count="0" type="stmt"/>
        <line num="49" count="0" type="stmt"/>
        <line num="52" count="0" type="cond" truecount="0" falsecount="4"/>
        <line num="53" count="0" type="stmt"/>
        <line num="55" count="0" type="stmt"/>
        <line num="57" count="0" type="cond" truecount="0" falsecount="5"/>
        <line num="59" count="0" type="stmt"/>
        <line num="60" count="0" type="stmt"/>
        <line num="62" count="0" type="stmt"/>
        <line num="63" count="0" type="stmt"/>
        <line num="65" count="0" type="stmt"/>
        <line num="67" count="0" type="stmt"/>
        <line num="68" count="0" type="stmt"/>
        <line num="70" count="0" type="stmt"/>
        <line num="75" count="19" type="stmt"/>
        <line num="76" count="19" type="stmt"/>
        <line num="77" count="19" type="stmt"/>
        <line num="78" count="19" type="stmt"/>
        <line num="81" count="47" type="stmt"/>
      </file>
    </package>
    <package name="mocks">
      <metrics statements="6" coveredstatements="6" conditionals="0" coveredconditionals="0" methods="0" coveredmethods="0"/>
      <file name="auth.mock.ts" path="/sgoinfre/students/mdiaz-or/ft_transcendence/frontend/src/mocks/auth.mock.ts">
        <metrics statements="1" coveredstatements="1" conditionals="0" coveredconditionals="0" methods="0" coveredmethods="0"/>
        <line num="3" count="11" type="stmt"/>
      </file>
      <file name="chess.mock.ts" path="/sgoinfre/students/mdiaz-or/ft_transcendence/frontend/src/mocks/chess.mock.ts">
        <metrics statements="3" coveredstatements="3" conditionals="0" coveredconditionals="0" methods="0" coveredmethods="0"/>
        <line num="3" count="11" type="stmt"/>
        <line num="11" count="11" type="stmt"/>
        <line num="23" count="11" type="stmt"/>
      </file>
      <file name="index.ts" path="/sgoinfre/students/mdiaz-or/ft_transcendence/frontend/src/mocks/index.ts">
        <metrics statements="0" coveredstatements="0" conditionals="0" coveredconditionals="0" methods="0" coveredmethods="0"/>
      </file>
      <file name="sudoku.mock.ts" path="/sgoinfre/students/mdiaz-or/ft_transcendence/frontend/src/mocks/sudoku.mock.ts">
        <metrics statements="2" coveredstatements="2" conditionals="0" coveredconditionals="0" methods="0" coveredmethods="0"/>
        <line num="3" count="11" type="stmt"/>
        <line num="20" count="11" type="stmt"/>
      </file>
    </package>
    <package name="services">
      <metrics statements="18" coveredstatements="14" conditionals="8" coveredconditionals="5" methods="8" coveredmethods="7"/>
      <file name="api.ts" path="/sgoinfre/students/mdiaz-or/ft_transcendence/frontend/src/services/api.ts">
        <metrics statements="18" coveredstatements="14" conditionals="8" coveredconditionals="5" methods="8" coveredmethods="7"/>
        <line num="5" count="4" type="cond" truecount="2" falsecount="0"/>
        <line num="7" count="4" type="stmt"/>
        <line num="16" count="4" type="stmt"/>
        <line num="18" count="22" type="stmt"/>
        <line num="19" count="22" type="cond" truecount="2" falsecount="2"/>
        <line num="20" count="0" type="stmt"/>
        <line num="22" count="22" type="stmt"/>
        <line num="24" count="0" type="stmt"/>
        <line num="28" count="4" type="stmt"/>
        <line num="29" count="19" type="stmt"/>
        <line num="31" count="3" type="cond" truecount="1" falsecount="1"/>
        <line num="32" count="0" type="stmt"/>
        <line num="33" count="0" type="stmt"/>
        <line num="35" count="3" type="stmt"/>
        <line num="39" count="4" type="stmt"/>
        <line num="40" count="19" type="stmt"/>
        <line num="42" count="4" type="stmt"/>
        <line num="43" count="3" type="stmt"/>
      </file>
    </package>
    <package name="store">
      <metrics statements="11" coveredstatements="8" conditionals="0" coveredconditionals="0" methods="10" coveredmethods="7"/>
      <file name="authStore.ts" path="/sgoinfre/students/mdiaz-or/ft_transcendence/frontend/src/store/authStore.ts">
        <metrics statements="4" coveredstatements="1" conditionals="0" coveredconditionals="0" methods="4" coveredmethods="1"/>
        <line num="15" count="4" type="stmt"/>
        <line num="21" count="0" type="stmt"/>
        <line num="24" count="0" type="stmt"/>
        <line num="27" count="0" type="stmt"/>
      </file>
      <file name="index.ts" path="/sgoinfre/students/mdiaz-or/ft_transcendence/frontend/src/store/index.ts">
        <metrics statements="0" coveredstatements="0" conditionals="0" coveredconditionals="0" methods="0" coveredmethods="0"/>
      </file>
      <file name="matchStore.ts" path="/sgoinfre/students/mdiaz-or/ft_transcendence/frontend/src/store/matchStore.ts">
        <metrics statements="7" coveredstatements="7" conditionals="0" coveredconditionals="0" methods="6" coveredmethods="6"/>
        <line num="23" count="5" type="stmt"/>
        <line num="31" count="5" type="stmt"/>
        <line num="35" count="21" type="stmt"/>
        <line num="38" count="12" type="stmt"/>
        <line num="41" count="8" type="stmt"/>
        <line num="44" count="4" type="stmt"/>
        <line num="47" count="27" type="stmt"/>
      </file>
    </package>
    <package name="test">
      <metrics statements="11" coveredstatements="10" conditionals="0" coveredconditionals="0" methods="8" coveredmethods="7"/>
      <file name="mswServer.ts" path="/sgoinfre/students/mdiaz-or/ft_transcendence/frontend/src/test/mswServer.ts">
        <metrics statements="11" coveredstatements="10" conditionals="0" coveredconditionals="0" methods="8" coveredmethods="7"/>
        <line num="5" count="11" type="stmt"/>
        <line num="7" count="10" type="stmt"/>
        <line num="10" count="1" type="stmt"/>
        <line num="13" count="0" type="stmt"/>
        <line num="16" count="7" type="stmt"/>
        <line num="19" count="1" type="stmt"/>
        <line num="24" count="11" type="stmt"/>
        <line num="26" count="1" type="stmt"/>
        <line num="29" count="1" type="stmt"/>
        <line num="32" count="1" type="stmt"/>
        <line num="36" count="11" type="stmt"/>
      </file>
    </package>
  </project>
</coverage>
