{"/sgoinfre/students/mdiaz-or/ft_transcendence/frontend/src/components/ConnectionStatus.tsx": {"path":"/sgoinfre/students/mdiaz-or/ft_transcendence/frontend/src/components/ConnectionStatus.tsx","statementMap":{"0":{"start":{"line":3,"column":102},"end":{"line":8,"column":null}},"1":{"start":{"line":14,"column":13},"end":{"line":31,"column":null}},"2":{"start":{"line":15,"column":17},"end":{"line":15,"column":null}},"3":{"start":{"line":17,"column":34},"end":{"line":17,"column":null}},"4":{"start":{"line":19,"column":2},"end":{"line":29,"column":null}}},"fnMap":{"0":{"name":"(anonymous_0)","decl":{"start":{"line":14,"column":13},"end":{"line":14,"column":33}},"loc":{"start":{"line":14,"column":71},"end":{"line":31,"column":null}},"line":14}},"branchMap":{"0":{"loc":{"start":{"line":15,"column":17},"end":{"line":15,"column":null}},"type":"binary-expr","locations":[{"start":{"line":15,"column":17},"end":{"line":15,"column":42}},{"start":{"line":15,"column":42},"end":{"line":15,"column":null}}],"line":15},"1":{"loc":{"start":{"line":25,"column":10},"end":{"line":25,"column":null}},"type":"cond-expr","locations":[{"start":{"line":25,"column":18},"end":{"line":25,"column":36}},{"start":{"line":25,"column":36},"end":{"line":25,"column":null}}],"line":25}},"s":{"0":3,"1":3,"2":13,"3":13,"4":13},"f":{"0":13},"b":{"0":[13,0],"1":[10,3]},"meta":{"lastBranch":2,"lastFunction":1,"lastStatement":5,"seen":{"s:3:102:8:Infinity":0,"s:14:13:31:Infinity":1,"f:14:13:14:33":0,"s:15:17:15:Infinity":2,"b:15:17:15:42:15:42:15:Infinity":0,"s:17:34:17:Infinity":3,"s:19:2:29:Infinity":4,"b:25:18:25:36:25:36:25:Infinity":1}}}
,"/sgoinfre/students/mdiaz-or/ft_transcendence/frontend/src/features/chess/ChessBoard.tsx": {"path":"/sgoinfre/students/mdiaz-or/ft_transcendence/frontend/src/features/chess/ChessBoard.tsx","statementMap":{"0":{"start":{"line":6,"column":6},"end":{"line":19,"column":null}},"1":{"start":{"line":7,"column":15},"end":{"line":7,"column":null}},"2":{"start":{"line":8,"column":2},"end":{"line":18,"column":null}},"3":{"start":{"line":9,"column":37},"end":{"line":9,"column":null}},"4":{"start":{"line":10,"column":4},"end":{"line":16,"column":null}},"5":{"start":{"line":11,"column":6},"end":{"line":15,"column":null}},"6":{"start":{"line":12,"column":8},"end":{"line":12,"column":null}},"7":{"start":{"line":14,"column":8},"end":{"line":14,"column":null}},"8":{"start":{"line":17,"column":4},"end":{"line":17,"column":null}},"9":{"start":{"line":22,"column":6},"end":{"line":26,"column":null}},"10":{"start":{"line":23,"column":15},"end":{"line":23,"column":null}},"11":{"start":{"line":24,"column":15},"end":{"line":24,"column":null}},"12":{"start":{"line":25,"column":2},"end":{"line":25,"column":null}},"13":{"start":{"line":28,"column":46},"end":{"line":31,"column":null}},"14":{"start":{"line":39,"column":13},"end":{"line":111,"column":null}},"15":{"start":{"line":40,"column":26},"end":{"line":40,"column":null}},"16":{"start":{"line":41,"column":8},"end":{"line":41,"column":null}},"17":{"start":{"line":41,"column":30},"end":{"line":41,"column":55}},"18":{"start":{"line":43,"column":2},"end":{"line":109,"column":null}},"19":{"start":{"line":59,"column":10},"end":{"line":96,"column":null}},"20":{"start":{"line":60,"column":27},"end":{"line":60,"column":null}},"21":{"start":{"line":61,"column":18},"end":{"line":61,"column":null}},"22":{"start":{"line":62,"column":31},"end":{"line":62,"column":null}},"23":{"start":{"line":64,"column":14},"end":{"line":65,"column":null}},"24":{"start":{"line":67,"column":12},"end":{"line":94,"column":null}},"25":{"start":{"line":71,"column":31},"end":{"line":71,"column":null}},"26":{"start":{"line":103,"column":10},"end":{"line":105,"column":null}}},"fnMap":{"0":{"name":"(anonymous_0)","decl":{"start":{"line":6,"column":6},"end":{"line":6,"column":18}},"loc":{"start":{"line":6,"column":55},"end":{"line":19,"column":null}},"line":6},"1":{"name":"(anonymous_1)","decl":{"start":{"line":8,"column":14},"end":{"line":8,"column":19}},"loc":{"start":{"line":8,"column":27},"end":{"line":18,"column":3}},"line":8},"2":{"name":"(anonymous_2)","decl":{"start":{"line":22,"column":6},"end":{"line":22,"column":18}},"loc":{"start":{"line":22,"column":55},"end":{"line":26,"column":null}},"line":22},"3":{"name":"(anonymous_3)","decl":{"start":{"line":39,"column":13},"end":{"line":39,"column":27}},"loc":{"start":{"line":39,"column":88},"end":{"line":111,"column":null}},"line":39},"4":{"name":"(anonymous_4)","decl":{"start":{"line":41,"column":16},"end":{"line":41,"column":30}},"loc":{"start":{"line":41,"column":30},"end":{"line":41,"column":55}},"line":41},"5":{"name":"(anonymous_5)","decl":{"start":{"line":58,"column":15},"end":{"line":58,"column":20}},"loc":{"start":{"line":59,"column":10},"end":{"line":96,"column":null}},"line":59},"6":{"name":"(anonymous_6)","decl":{"start":{"line":59,"column":14},"end":{"line":59,"column":19}},"loc":{"start":{"line":59,"column":37},"end":{"line":96,"column":11}},"line":59},"7":{"name":"(anonymous_7)","decl":{"start":{"line":71,"column":16},"end":{"line":71,"column":31}},"loc":{"start":{"line":71,"column":31},"end":{"line":71,"column":null}},"line":71},"8":{"name":"(anonymous_8)","decl":{"start":{"line":102,"column":43},"end":{"line":102,"column":48}},"loc":{"start":{"line":103,"column":10},"end":{"line":105,"column":null}},"line":103}},"branchMap":{"0":{"loc":{"start":{"line":11,"column":6},"end":{"line":15,"column":null}},"type":"if","locations":[{"start":{"line":11,"column":6},"end":{"line":15,"column":null}},{"start":{"line":13,"column":13},"end":{"line":15,"column":null}}],"line":11},"1":{"loc":{"start":{"line":39,"column":48},"end":{"line":39,"column":88}},"type":"default-arg","locations":[{"start":{"line":39,"column":59},"end":{"line":39,"column":88}}],"line":39},"2":{"loc":{"start":{"line":48,"column":9},"end":{"line":50,"column":null}},"type":"cond-expr","locations":[{"start":{"line":49,"column":12},"end":{"line":49,"column":null}},{"start":{"line":50,"column":12},"end":{"line":50,"column":null}}],"line":48},"3":{"loc":{"start":{"line":49,"column":15},"end":{"line":49,"column":54}},"type":"cond-expr","locations":[{"start":{"line":49,"column":44},"end":{"line":49,"column":50}},{"start":{"line":49,"column":50},"end":{"line":49,"column":54}}],"line":49},"4":{"loc":{"start":{"line":64,"column":14},"end":{"line":65,"column":null}},"type":"binary-expr","locations":[{"start":{"line":64,"column":14},"end":{"line":64,"column":null}},{"start":{"line":65,"column":14},"end":{"line":65,"column":null}}],"line":64},"5":{"loc":{"start":{"line":70,"column":26},"end":{"line":70,"column":null}},"type":"binary-expr","locations":[{"start":{"line":70,"column":26},"end":{"line":70,"column":38}},{"start":{"line":70,"column":38},"end":{"line":70,"column":null}}],"line":70},"6":{"loc":{"start":{"line":75,"column":18},"end":{"line":75,"column":null}},"type":"cond-expr","locations":[{"start":{"line":75,"column":28},"end":{"line":75,"column":45}},{"start":{"line":75,"column":45},"end":{"line":75,"column":null}}],"line":75},"7":{"loc":{"start":{"line":76,"column":18},"end":{"line":76,"column":null}},"type":"binary-expr","locations":[{"start":{"line":76,"column":18},"end":{"line":76,"column":32}},{"start":{"line":76,"column":32},"end":{"line":76,"column":null}}],"line":76},"8":{"loc":{"start":{"line":77,"column":18},"end":{"line":77,"column":null}},"type":"binary-expr","locations":[{"start":{"line":77,"column":18},"end":{"line":77,"column":32}},{"start":{"line":77,"column":32},"end":{"line":77,"column":47}},{"start":{"line":77,"column":47},"end":{"line":77,"column":null}}],"line":77},"9":{"loc":{"start":{"line":78,"column":18},"end":{"line":78,"column":null}},"type":"cond-expr","locations":[{"start":{"line":78,"column":29},"end":{"line":78,"column":52}},{"start":{"line":78,"column":52},"end":{"line":78,"column":null}}],"line":78},"10":{"loc":{"start":{"line":83,"column":17},"end":{"line":92,"column":null}},"type":"binary-expr","locations":[{"start":{"line":83,"column":17},"end":{"line":83,"column":null}},{"start":{"line":84,"column":18},"end":{"line":92,"column":null}}],"line":83},"11":{"loc":{"start":{"line":86,"column":22},"end":{"line":88,"column":null}},"type":"cond-expr","locations":[{"start":{"line":87,"column":26},"end":{"line":87,"column":null}},{"start":{"line":88,"column":26},"end":{"line":88,"column":null}}],"line":86},"12":{"loc":{"start":{"line":91,"column":21},"end":{"line":91,"column":null}},"type":"binary-expr","locations":[{"start":{"line":91,"column":21},"end":{"line":91,"column":45}},{"start":{"line":91,"column":45},"end":{"line":91,"column":null}}],"line":91}},"s":{"0":2,"1":14,"2":14,"3":112,"4":112,"5":516,"6":448,"7":68,"8":112,"9":2,"10":1088,"11":1088,"12":1088,"13":2,"14":2,"15":17,"16":17,"17":14,"18":17,"19":136,"20":1088,"21":1088,"22":1088,"23":1088,"24":1088,"25":3,"26":136},"f":{"0":14,"1":112,"2":1088,"3":17,"4":14,"5":136,"6":1088,"7":3,"8":136},"b":{"0":[448,68],"1":[17],"2":[15,2],"3":[14,1],"4":[1088,1085],"5":[1088,704],"6":[544,544],"7":[1088,2],"8":[1088,6,6],"9":[384,704],"10":[1088,544],"11":[272,272],"12":[544,0]},"meta":{"lastBranch":13,"lastFunction":9,"lastStatement":27,"seen":{"s:6:6:19:Infinity":0,"f:6:6:6:18":0,"s:7:15:7:Infinity":1,"s:8:2:18:Infinity":2,"f:8:14:8:19":1,"s:9:37:9:Infinity":3,"s:10:4:16:Infinity":4,"b:11:6:15:Infinity:13:13:15:Infinity":0,"s:11:6:15:Infinity":5,"s:12:8:12:Infinity":6,"s:14:8:14:Infinity":7,"s:17:4:17:Infinity":8,"s:22:6:26:Infinity":9,"f:22:6:22:18":2,"s:23:15:23:Infinity":10,"s:24:15:24:Infinity":11,"s:25:2:25:Infinity":12,"s:28:46:31:Infinity":13,"s:39:13:111:Infinity":14,"f:39:13:39:27":3,"b:39:59:39:88":1,"s:40:26:40:Infinity":15,"s:41:8:41:Infinity":16,"f:41:16:41:30":4,"s:41:30:41:55":17,"s:43:2:109:Infinity":18,"b:49:12:49:Infinity:50:12:50:Infinity":2,"b:49:44:49:50:49:50:49:54":3,"f:58:15:58:20":5,"s:59:10:96:Infinity":19,"f:59:14:59:19":6,"s:60:27:60:Infinity":20,"s:61:18:61:Infinity":21,"s:62:31:62:Infinity":22,"s:64:14:65:Infinity":23,"b:64:14:64:Infinity:65:14:65:Infinity":4,"s:67:12:94:Infinity":24,"b:70:26:70:38:70:38:70:Infinity":5,"f:71:16:71:31":7,"s:71:31:71:Infinity":25,"b:75:28:75:45:75:45:75:Infinity":6,"b:76:18:76:32:76:32:76:Infinity":7,"b:77:18:77:32:77:32:77:47:77:47:77:Infinity":8,"b:78:29:78:52:78:52:78:Infinity":9,"b:83:17:83:Infinity:84:18:92:Infinity":10,"b:87:26:87:Infinity:88:26:88:Infinity":11,"b:91:21:91:45:91:45:91:Infinity":12,"f:102:43:102:48":8,"s:103:10:105:Infinity":26}}}
,"/sgoinfre/students/mdiaz-or/ft_transcendence/frontend/src/features/chess/ChessGamePage.tsx": {"path":"/sgoinfre/students/mdiaz-or/ft_transcendence/frontend/src/features/chess/ChessGamePage.tsx","statementMap":{"0":{"start":{"line":5,"column":13},"end":{"line":26,"column":null}},"1":{"start":{"line":6,"column":46},"end":{"line":6,"column":null}},"2":{"start":{"line":8,"column":2},"end":{"line":8,"column":null}},"3":{"start":{"line":8,"column":18},"end":{"line":8,"column":null}},"4":{"start":{"line":10,"column":2},"end":{"line":24,"column":null}}},"fnMap":{"0":{"name":"(anonymous_0)","decl":{"start":{"line":5,"column":13},"end":{"line":5,"column":30}},"loc":{"start":{"line":5,"column":65},"end":{"line":26,"column":null}},"line":5}},"branchMap":{"0":{"loc":{"start":{"line":8,"column":2},"end":{"line":8,"column":null}},"type":"if","locations":[{"start":{"line":8,"column":2},"end":{"line":8,"column":null}},{"start":{},"end":{}}],"line":8},"1":{"loc":{"start":{"line":16,"column":18},"end":{"line":16,"column":null}},"type":"binary-expr","locations":[{"start":{"line":16,"column":18},"end":{"line":16,"column":54}},{"start":{"line":16,"column":54},"end":{"line":16,"column":null}}],"line":16}},"s":{"0":1,"1":13,"2":13,"3":5,"4":8},"f":{"0":13},"b":{"0":[5,8],"1":[8,8]},"meta":{"lastBranch":2,"lastFunction":1,"lastStatement":5,"seen":{"s:5:13:26:Infinity":0,"f:5:13:5:30":0,"s:6:46:6:Infinity":1,"b:8:2:8:Infinity:undefined:undefined:undefined:undefined":0,"s:8:2:8:Infinity":2,"s:8:18:8:Infinity":3,"s:10:2:24:Infinity":4,"b:16:18:16:54:16:54:16:Infinity":1}}}
,"/sgoinfre/students/mdiaz-or/ft_transcendence/frontend/src/features/chess/service.ts": {"path":"/sgoinfre/students/mdiaz-or/ft_transcendence/frontend/src/features/chess/service.ts","statementMap":{"0":{"start":{"line":6,"column":13},"end":{"line":7,"column":null}},"1":{"start":{"line":6,"column":29},"end":{"line":7,"column":null}},"2":{"start":{"line":9,"column":13},"end":{"line":10,"column":null}},"3":{"start":{"line":9,"column":30},"end":{"line":10,"column":null}},"4":{"start":{"line":12,"column":13},"end":{"line":13,"column":null}},"5":{"start":{"line":12,"column":32},"end":{"line":13,"column":null}}},"fnMap":{"0":{"name":"(anonymous_0)","decl":{"start":{"line":6,"column":13},"end":{"line":6,"column":29}},"loc":{"start":{"line":6,"column":29},"end":{"line":7,"column":null}},"line":6},"1":{"name":"(anonymous_1)","decl":{"start":{"line":9,"column":13},"end":{"line":9,"column":30}},"loc":{"start":{"line":9,"column":30},"end":{"line":10,"column":null}},"line":9},"2":{"name":"(anonymous_2)","decl":{"start":{"line":12,"column":13},"end":{"line":12,"column":32}},"loc":{"start":{"line":12,"column":32},"end":{"line":13,"column":null}},"line":12}},"branchMap":{},"s":{"0":2,"1":11,"2":2,"3":2,"4":2,"5":0},"f":{"0":11,"1":2,"2":0},"b":{},"meta":{"lastBranch":0,"lastFunction":3,"lastStatement":6,"seen":{"s:6:13:7:Infinity":0,"f:6:13:6:29":0,"s:6:29:7:Infinity":1,"s:9:13:10:Infinity":2,"f:9:13:9:30":1,"s:9:30:10:Infinity":3,"s:12:13:13:Infinity":4,"f:12:13:12:32":2,"s:12:32:13:Infinity":5}}}
,"/sgoinfre/students/mdiaz-or/ft_transcendence/frontend/src/features/chess/hooks/useChessBoard.ts": {"path":"/sgoinfre/students/mdiaz-or/ft_transcendence/frontend/src/features/chess/hooks/useChessBoard.ts","statementMap":{"0":{"start":{"line":11,"column":13},"end":{"line":37,"column":null}},"1":{"start":{"line":14,"column":25},"end":{"line":14,"column":null}},"2":{"start":{"line":15,"column":22},"end":{"line":15,"column":null}},"3":{"start":{"line":17,"column":8},"end":{"line":30,"column":null}},"4":{"start":{"line":18,"column":4},"end":{"line":21,"column":null}},"5":{"start":{"line":19,"column":6},"end":{"line":19,"column":null}},"6":{"start":{"line":20,"column":6},"end":{"line":20,"column":null}},"7":{"start":{"line":22,"column":4},"end":{"line":25,"column":null}},"8":{"start":{"line":23,"column":6},"end":{"line":23,"column":null}},"9":{"start":{"line":24,"column":6},"end":{"line":24,"column":null}},"10":{"start":{"line":27,"column":4},"end":{"line":27,"column":null}},"11":{"start":{"line":28,"column":4},"end":{"line":28,"column":null}},"12":{"start":{"line":29,"column":4},"end":{"line":29,"column":null}},"13":{"start":{"line":32,"column":8},"end":{"line":35,"column":null}},"14":{"start":{"line":33,"column":4},"end":{"line":33,"column":null}},"15":{"start":{"line":34,"column":4},"end":{"line":34,"column":null}},"16":{"start":{"line":36,"column":2},"end":{"line":36,"column":null}}},"fnMap":{"0":{"name":"(anonymous_0)","decl":{"start":{"line":11,"column":13},"end":{"line":11,"column":null}},"loc":{"start":{"line":13,"column":26},"end":{"line":37,"column":null}},"line":13},"1":{"name":"(anonymous_1)","decl":{"start":{"line":17,"column":8},"end":{"line":17,"column":24}},"loc":{"start":{"line":17,"column":43},"end":{"line":30,"column":null}},"line":17},"2":{"name":"(anonymous_2)","decl":{"start":{"line":32,"column":8},"end":{"line":32,"column":31}},"loc":{"start":{"line":32,"column":31},"end":{"line":35,"column":null}},"line":32}},"branchMap":{"0":{"loc":{"start":{"line":18,"column":4},"end":{"line":21,"column":null}},"type":"if","locations":[{"start":{"line":18,"column":4},"end":{"line":21,"column":null}},{"start":{},"end":{}}],"line":18},"1":{"loc":{"start":{"line":22,"column":4},"end":{"line":25,"column":null}},"type":"if","locations":[{"start":{"line":22,"column":4},"end":{"line":25,"column":null}},{"start":{},"end":{}}],"line":22}},"s":{"0":3,"1":28,"2":28,"3":28,"4":9,"5":6,"6":6,"7":3,"8":1,"9":1,"10":2,"11":2,"12":2,"13":28,"14":1,"15":1,"16":28},"f":{"0":28,"1":9,"2":1},"b":{"0":[6,3],"1":[1,2]},"meta":{"lastBranch":2,"lastFunction":3,"lastStatement":17,"seen":{"s:11:13:37:Infinity":0,"f:11:13:11:Infinity":0,"s:14:25:14:Infinity":1,"s:15:22:15:Infinity":2,"s:17:8:30:Infinity":3,"f:17:8:17:24":1,"b:18:4:21:Infinity:undefined:undefined:undefined:undefined":0,"s:18:4:21:Infinity":4,"s:19:6:19:Infinity":5,"s:20:6:20:Infinity":6,"b:22:4:25:Infinity:undefined:undefined:undefined:undefined":1,"s:22:4:25:Infinity":7,"s:23:6:23:Infinity":8,"s:24:6:24:Infinity":9,"s:27:4:27:Infinity":10,"s:28:4:28:Infinity":11,"s:29:4:29:Infinity":12,"s:32:8:35:Infinity":13,"f:32:8:32:31":2,"s:33:4:33:Infinity":14,"s:34:4:34:Infinity":15,"s:36:2:36:Infinity":16}}}
,"/sgoinfre/students/mdiaz-or/ft_transcendence/frontend/src/features/chess/hooks/useChessGame.ts": {"path":"/sgoinfre/students/mdiaz-or/ft_transcendence/frontend/src/features/chess/hooks/useChessGame.ts","statementMap":{"0":{"start":{"line":8,"column":17},"end":{"line":8,"column":null}},"1":{"start":{"line":10,"column":13},"end":{"line":73,"column":null}},"2":{"start":{"line":11,"column":8},"end":{"line":11,"column":null}},"3":{"start":{"line":11,"column":41},"end":{"line":11,"column":52}},"4":{"start":{"line":12,"column":8},"end":{"line":12,"column":null}},"5":{"start":{"line":12,"column":44},"end":{"line":12,"column":58}},"6":{"start":{"line":13,"column":8},"end":{"line":13,"column":null}},"7":{"start":{"line":13,"column":44},"end":{"line":13,"column":58}},"8":{"start":{"line":14,"column":8},"end":{"line":14,"column":null}},"9":{"start":{"line":14,"column":40},"end":{"line":14,"column":50}},"10":{"start":{"line":15,"column":10},"end":{"line":15,"column":null}},"11":{"start":{"line":18,"column":2},"end":{"line":37,"column":null}},"12":{"start":{"line":19,"column":17},"end":{"line":35,"column":null}},"13":{"start":{"line":20,"column":6},"end":{"line":20,"column":null}},"14":{"start":{"line":21,"column":6},"end":{"line":34,"column":null}},"15":{"start":{"line":22,"column":8},"end":{"line":31,"column":null}},"16":{"start":{"line":24,"column":36},"end":{"line":24,"column":null}},"17":{"start":{"line":25,"column":10},"end":{"line":25,"column":null}},"18":{"start":{"line":29,"column":22},"end":{"line":29,"column":null}},"19":{"start":{"line":30,"column":10},"end":{"line":30,"column":null}},"20":{"start":{"line":33,"column":8},"end":{"line":33,"column":null}},"21":{"start":{"line":36,"column":4},"end":{"line":36,"column":null}},"22":{"start":{"line":40,"column":19},"end":{"line":55,"column":null}},"23":{"start":{"line":41,"column":4},"end":{"line":41,"column":null}},"24":{"start":{"line":41,"column":20},"end":{"line":41,"column":null}},"25":{"start":{"line":42,"column":4},"end":{"line":54,"column":null}},"26":{"start":{"line":43,"column":6},"end":{"line":51,"column":null}},"27":{"start":{"line":45,"column":43},"end":{"line":45,"column":null}},"28":{"start":{"line":46,"column":8},"end":{"line":46,"column":null}},"29":{"start":{"line":49,"column":8},"end":{"line":49,"column":null}},"30":{"start":{"line":53,"column":6},"end":{"line":53,"column":null}},"31":{"start":{"line":58,"column":24},"end":{"line":71,"column":null}},"32":{"start":{"line":59,"column":4},"end":{"line":59,"column":null}},"33":{"start":{"line":59,"column":20},"end":{"line":59,"column":null}},"34":{"start":{"line":60,"column":4},"end":{"line":70,"column":null}},"35":{"start":{"line":61,"column":6},"end":{"line":67,"column":null}},"36":{"start":{"line":62,"column":43},"end":{"line":62,"column":null}},"37":{"start":{"line":63,"column":8},"end":{"line":63,"column":null}},"38":{"start":{"line":65,"column":8},"end":{"line":65,"column":null}},"39":{"start":{"line":69,"column":6},"end":{"line":69,"column":null}},"40":{"start":{"line":72,"column":2},"end":{"line":72,"column":null}}},"fnMap":{"0":{"name":"(anonymous_0)","decl":{"start":{"line":10,"column":13},"end":{"line":10,"column":29}},"loc":{"start":{"line":10,"column":48},"end":{"line":73,"column":null}},"line":10},"1":{"name":"(anonymous_1)","decl":{"start":{"line":11,"column":20},"end":{"line":11,"column":35}},"loc":{"start":{"line":11,"column":41},"end":{"line":11,"column":52}},"line":11},"2":{"name":"(anonymous_2)","decl":{"start":{"line":12,"column":23},"end":{"line":12,"column":38}},"loc":{"start":{"line":12,"column":44},"end":{"line":12,"column":58}},"line":12},"3":{"name":"(anonymous_3)","decl":{"start":{"line":13,"column":23},"end":{"line":13,"column":38}},"loc":{"start":{"line":13,"column":44},"end":{"line":13,"column":58}},"line":13},"4":{"name":"(anonymous_4)","decl":{"start":{"line":14,"column":19},"end":{"line":14,"column":34}},"loc":{"start":{"line":14,"column":40},"end":{"line":14,"column":50}},"line":14},"5":{"name":"(anonymous_5)","decl":{"start":{"line":18,"column":2},"end":{"line":18,"column":18}},"loc":{"start":{"line":18,"column":18},"end":{"line":37,"column":5}},"line":18},"6":{"name":"(anonymous_6)","decl":{"start":{"line":19,"column":17},"end":{"line":19,"column":29}},"loc":{"start":{"line":19,"column":29},"end":{"line":35,"column":null}},"line":19},"7":{"name":"(anonymous_7)","decl":{"start":{"line":40,"column":19},"end":{"line":40,"column":26}},"loc":{"start":{"line":40,"column":73},"end":{"line":55,"column":null}},"line":40},"8":{"name":"(anonymous_8)","decl":{"start":{"line":58,"column":24},"end":{"line":58,"column":36}},"loc":{"start":{"line":58,"column":36},"end":{"line":71,"column":null}},"line":58}},"branchMap":{"0":{"loc":{"start":{"line":15,"column":46},"end":{"line":15,"column":70}},"type":"cond-expr","locations":[{"start":{"line":15,"column":57},"end":{"line":15,"column":64}},{"start":{"line":15,"column":64},"end":{"line":15,"column":70}}],"line":15},"1":{"loc":{"start":{"line":22,"column":8},"end":{"line":31,"column":null}},"type":"if","locations":[{"start":{"line":22,"column":8},"end":{"line":31,"column":null}},{"start":{"line":27,"column":13},"end":{"line":31,"column":null}}],"line":22},"2":{"loc":{"start":{"line":41,"column":4},"end":{"line":41,"column":null}},"type":"if","locations":[{"start":{"line":41,"column":4},"end":{"line":41,"column":null}},{"start":{},"end":{}}],"line":41},"3":{"loc":{"start":{"line":43,"column":6},"end":{"line":51,"column":null}},"type":"if","locations":[{"start":{"line":43,"column":6},"end":{"line":51,"column":null}},{"start":{"line":47,"column":13},"end":{"line":51,"column":null}}],"line":43},"4":{"loc":{"start":{"line":59,"column":4},"end":{"line":59,"column":null}},"type":"if","locations":[{"start":{"line":59,"column":4},"end":{"line":59,"column":null}},{"start":{},"end":{}}],"line":59},"5":{"loc":{"start":{"line":61,"column":6},"end":{"line":67,"column":null}},"type":"if","locations":[{"start":{"line":61,"column":6},"end":{"line":67,"column":null}},{"start":{"line":64,"column":13},"end":{"line":67,"column":null}}],"line":61}},"s":{"0":2,"1":2,"2":27,"3":94,"4":27,"5":94,"6":27,"7":94,"8":27,"9":94,"10":27,"11":27,"12":11,"13":11,"14":11,"15":11,"16":0,"17":0,"18":11,"19":10,"20":1,"21":11,"22":27,"23":3,"24":1,"25":2,"26":2,"27":0,"28":0,"29":2,"30":1,"31":27,"32":0,"33":0,"34":0,"35":0,"36":0,"37":0,"38":0,"39":0,"40":27},"f":{"0":27,"1":94,"2":94,"3":94,"4":94,"5":11,"6":11,"7":3,"8":0},"b":{"0":[0,27],"1":[0,11],"2":[1,2],"3":[0,2],"4":[0,0],"5":[0,0]},"meta":{"lastBranch":6,"lastFunction":9,"lastStatement":41,"seen":{"s:8:17:8:Infinity":0,"s:10:13:73:Infinity":1,"f:10:13:10:29":0,"s:11:8:11:Infinity":2,"f:11:20:11:35":1,"s:11:41:11:52":3,"s:12:8:12:Infinity":4,"f:12:23:12:38":2,"s:12:44:12:58":5,"s:13:8:13:Infinity":6,"f:13:23:13:38":3,"s:13:44:13:58":7,"s:14:8:14:Infinity":8,"f:14:19:14:34":4,"s:14:40:14:50":9,"s:15:10:15:Infinity":10,"b:15:57:15:64:15:64:15:70":0,"s:18:2:37:Infinity":11,"f:18:2:18:18":5,"s:19:17:35:Infinity":12,"f:19:17:19:29":6,"s:20:6:20:Infinity":13,"s:21:6:34:Infinity":14,"b:22:8:31:Infinity:27:13:31:Infinity":1,"s:22:8:31:Infinity":15,"s:24:36:24:Infinity":16,"s:25:10:25:Infinity":17,"s:29:22:29:Infinity":18,"s:30:10:30:Infinity":19,"s:33:8:33:Infinity":20,"s:36:4:36:Infinity":21,"s:40:19:55:Infinity":22,"f:40:19:40:26":7,"b:41:4:41:Infinity:undefined:undefined:undefined:undefined":2,"s:41:4:41:Infinity":23,"s:41:20:41:Infinity":24,"s:42:4:54:Infinity":25,"b:43:6:51:Infinity:47:13:51:Infinity":3,"s:43:6:51:Infinity":26,"s:45:43:45:Infinity":27,"s:46:8:46:Infinity":28,"s:49:8:49:Infinity":29,"s:53:6:53:Infinity":30,"s:58:24:71:Infinity":31,"f:58:24:58:36":8,"b:59:4:59:Infinity:undefined:undefined:undefined:undefined":4,"s:59:4:59:Infinity":32,"s:59:20:59:Infinity":33,"s:60:4:70:Infinity":34,"b:61:6:67:Infinity:64:13:67:Infinity":5,"s:61:6:67:Infinity":35,"s:62:43:62:Infinity":36,"s:63:8:63:Infinity":37,"s:65:8:65:Infinity":38,"s:69:6:69:Infinity":39,"s:72:2:72:Infinity":40}}}
,"/sgoinfre/students/mdiaz-or/ft_transcendence/frontend/src/features/sudoku/SudokuBoard.tsx": {"path":"/sgoinfre/students/mdiaz-or/ft_transcendence/frontend/src/features/sudoku/SudokuBoard.tsx","statementMap":{"0":{"start":{"line":12,"column":6},"end":{"line":33,"column":null}},"1":{"start":{"line":18,"column":15},"end":{"line":18,"column":null}},"2":{"start":{"line":20,"column":13},"end":{"line":24,"column":null}},"3":{"start":{"line":26,"column":15},"end":{"line":30,"column":null}},"4":{"start":{"line":32,"column":2},"end":{"line":32,"column":null}},"5":{"start":{"line":35,"column":13},"end":{"line":128,"column":null}},"6":{"start":{"line":42,"column":2},"end":{"line":42,"column":null}},"7":{"start":{"line":42,"column":24},"end":{"line":42,"column":null}},"8":{"start":{"line":44,"column":48},"end":{"line":45,"column":null}},"9":{"start":{"line":47,"column":8},"end":{"line":49,"column":null}},"10":{"start":{"line":48,"column":4},"end":{"line":48,"column":null}},"11":{"start":{"line":51,"column":8},"end":{"line":59,"column":null}},"12":{"start":{"line":52,"column":4},"end":{"line":52,"column":null}},"13":{"start":{"line":52,"column":23},"end":{"line":52,"column":null}},"14":{"start":{"line":53,"column":21},"end":{"line":53,"column":null}},"15":{"start":{"line":54,"column":22},"end":{"line":54,"column":null}},"16":{"start":{"line":55,"column":22},"end":{"line":55,"column":null}},"17":{"start":{"line":56,"column":22},"end":{"line":57,"column":null}},"18":{"start":{"line":58,"column":4},"end":{"line":58,"column":null}},"19":{"start":{"line":61,"column":8},"end":{"line":68,"column":null}},"20":{"start":{"line":62,"column":4},"end":{"line":62,"column":null}},"21":{"start":{"line":62,"column":51},"end":{"line":62,"column":null}},"22":{"start":{"line":64,"column":16},"end":{"line":64,"column":null}},"23":{"start":{"line":65,"column":4},"end":{"line":65,"column":null}},"24":{"start":{"line":65,"column":30},"end":{"line":65,"column":null}},"25":{"start":{"line":66,"column":4},"end":{"line":66,"column":null}},"26":{"start":{"line":66,"column":48},"end":{"line":66,"column":null}},"27":{"start":{"line":67,"column":4},"end":{"line":67,"column":null}},"28":{"start":{"line":67,"column":28},"end":{"line":67,"column":null}},"29":{"start":{"line":70,"column":2},"end":{"line":73,"column":null}},"30":{"start":{"line":71,"column":4},"end":{"line":71,"column":null}},"31":{"start":{"line":72,"column":4},"end":{"line":72,"column":null}},"32":{"start":{"line":72,"column":17},"end":{"line":72,"column":null}},"33":{"start":{"line":75,"column":2},"end":{"line":126,"column":null}},"34":{"start":{"line":83,"column":10},"end":{"line":113,"column":null}},"35":{"start":{"line":84,"column":31},"end":{"line":84,"column":null}},"36":{"start":{"line":85,"column":33},"end":{"line":85,"column":null}},"37":{"start":{"line":90,"column":35},"end":{"line":90,"column":null}},"38":{"start":{"line":92,"column":12},"end":{"line":111,"column":null}},"39":{"start":{"line":99,"column":18},"end":{"line":101,"column":null}},"40":{"start":{"line":100,"column":20},"end":{"line":100,"column":null}},"41":{"start":{"line":120,"column":12},"end":{"line":122,"column":null}},"42":{"start":{"line":120,"column":43},"end":{"line":120,"column":58}}},"fnMap":{"0":{"name":"(anonymous_0)","decl":{"start":{"line":12,"column":6},"end":{"line":12,"column":null}},"loc":{"start":{"line":17,"column":13},"end":{"line":33,"column":null}},"line":17},"1":{"name":"(anonymous_1)","decl":{"start":{"line":35,"column":13},"end":{"line":35,"column":28}},"loc":{"start":{"line":40,"column":24},"end":{"line":128,"column":null}},"line":40},"2":{"name":"(anonymous_2)","decl":{"start":{"line":47,"column":8},"end":{"line":47,"column":20}},"loc":{"start":{"line":47,"column":49},"end":{"line":49,"column":null}},"line":47},"3":{"name":"(anonymous_3)","decl":{"start":{"line":51,"column":24},"end":{"line":51,"column":37}},"loc":{"start":{"line":51,"column":66},"end":{"line":59,"column":5}},"line":51},"4":{"name":"(anonymous_4)","decl":{"start":{"line":61,"column":24},"end":{"line":61,"column":37}},"loc":{"start":{"line":61,"column":58},"end":{"line":68,"column":5}},"line":61},"5":{"name":"(anonymous_5)","decl":{"start":{"line":70,"column":2},"end":{"line":70,"column":18}},"loc":{"start":{"line":70,"column":18},"end":{"line":73,"column":5}},"line":70},"6":{"name":"(anonymous_6)","decl":{"start":{"line":72,"column":4},"end":{"line":72,"column":17}},"loc":{"start":{"line":72,"column":17},"end":{"line":72,"column":null}},"line":72},"7":{"name":"(anonymous_7)","decl":{"start":{"line":82,"column":24},"end":{"line":82,"column":29}},"loc":{"start":{"line":83,"column":10},"end":{"line":113,"column":null}},"line":83},"8":{"name":"(anonymous_8)","decl":{"start":{"line":83,"column":14},"end":{"line":83,"column":19}},"loc":{"start":{"line":83,"column":37},"end":{"line":113,"column":11}},"line":83},"9":{"name":"(anonymous_9)","decl":{"start":{"line":98,"column":16},"end":{"line":98,"column":31}},"loc":{"start":{"line":98,"column":31},"end":{"line":102,"column":null}},"line":98},"10":{"name":"(anonymous_10)","decl":{"start":{"line":119,"column":39},"end":{"line":119,"column":44}},"loc":{"start":{"line":120,"column":12},"end":{"line":122,"column":null}},"line":120},"11":{"name":"(anonymous_11)","decl":{"start":{"line":120,"column":28},"end":{"line":120,"column":43}},"loc":{"start":{"line":120,"column":43},"end":{"line":120,"column":58}},"line":120}},"branchMap":{"0":{"loc":{"start":{"line":20,"column":13},"end":{"line":24,"column":null}},"type":"cond-expr","locations":[{"start":{"line":21,"column":6},"end":{"line":21,"column":null}},{"start":{"line":22,"column":6},"end":{"line":24,"column":null}}],"line":20},"1":{"loc":{"start":{"line":22,"column":6},"end":{"line":24,"column":null}},"type":"cond-expr","locations":[{"start":{"line":23,"column":6},"end":{"line":23,"column":null}},{"start":{"line":24,"column":6},"end":{"line":24,"column":null}}],"line":22},"2":{"loc":{"start":{"line":26,"column":15},"end":{"line":30,"column":null}},"type":"cond-expr","locations":[{"start":{"line":27,"column":6},"end":{"line":27,"column":null}},{"start":{"line":28,"column":6},"end":{"line":30,"column":null}}],"line":26},"3":{"loc":{"start":{"line":28,"column":6},"end":{"line":30,"column":null}},"type":"cond-expr","locations":[{"start":{"line":29,"column":6},"end":{"line":29,"column":null}},{"start":{"line":30,"column":6},"end":{"line":30,"column":null}}],"line":28},"4":{"loc":{"start":{"line":39,"column":2},"end":{"line":39,"column":null}},"type":"default-arg","locations":[{"start":{"line":39,"column":13},"end":{"line":39,"column":null}}],"line":39},"5":{"loc":{"start":{"line":42,"column":2},"end":{"line":42,"column":null}},"type":"if","locations":[{"start":{"line":42,"column":2},"end":{"line":42,"column":null}},{"start":{},"end":{}}],"line":42},"6":{"loc":{"start":{"line":52,"column":4},"end":{"line":52,"column":null}},"type":"if","locations":[{"start":{"line":52,"column":4},"end":{"line":52,"column":null}},{"start":{},"end":{}}],"line":52},"7":{"loc":{"start":{"line":56,"column":22},"end":{"line":57,"column":null}},"type":"binary-expr","locations":[{"start":{"line":56,"column":22},"end":{"line":56,"column":null}},{"start":{"line":57,"column":22},"end":{"line":57,"column":null}}],"line":56},"8":{"loc":{"start":{"line":58,"column":11},"end":{"line":58,"column":null}},"type":"binary-expr","locations":[{"start":{"line":58,"column":11},"end":{"line":58,"column":24}},{"start":{"line":58,"column":24},"end":{"line":58,"column":37}},{"start":{"line":58,"column":37},"end":{"line":58,"column":null}}],"line":58},"9":{"loc":{"start":{"line":62,"column":4},"end":{"line":62,"column":null}},"type":"if","locations":[{"start":{"line":62,"column":4},"end":{"line":62,"column":null}},{"start":{},"end":{}}],"line":62},"10":{"loc":{"start":{"line":62,"column":8},"end":{"line":62,"column":51}},"type":"binary-expr","locations":[{"start":{"line":62,"column":8},"end":{"line":62,"column":20}},{"start":{"line":62,"column":20},"end":{"line":62,"column":51}}],"line":62},"11":{"loc":{"start":{"line":65,"column":4},"end":{"line":65,"column":null}},"type":"if","locations":[{"start":{"line":65,"column":4},"end":{"line":65,"column":null}},{"start":{},"end":{}}],"line":65},"12":{"loc":{"start":{"line":65,"column":8},"end":{"line":65,"column":30}},"type":"binary-expr","locations":[{"start":{"line":65,"column":8},"end":{"line":65,"column":20}},{"start":{"line":65,"column":20},"end":{"line":65,"column":30}}],"line":65},"13":{"loc":{"start":{"line":66,"column":4},"end":{"line":66,"column":null}},"type":"if","locations":[{"start":{"line":66,"column":4},"end":{"line":66,"column":null}},{"start":{},"end":{}}],"line":66},"14":{"loc":{"start":{"line":66,"column":8},"end":{"line":66,"column":48}},"type":"binary-expr","locations":[{"start":{"line":66,"column":8},"end":{"line":66,"column":33}},{"start":{"line":66,"column":33},"end":{"line":66,"column":48}}],"line":66},"15":{"loc":{"start":{"line":67,"column":4},"end":{"line":67,"column":null}},"type":"if","locations":[{"start":{"line":67,"column":4},"end":{"line":67,"column":null}},{"start":{},"end":{}}],"line":67},"16":{"loc":{"start":{"line":78,"column":9},"end":{"line":78,"column":null}},"type":"cond-expr","locations":[{"start":{"line":78,"column":41},"end":{"line":78,"column":81}},{"start":{"line":78,"column":81},"end":{"line":78,"column":null}}],"line":78},"17":{"loc":{"start":{"line":84,"column":31},"end":{"line":84,"column":null}},"type":"binary-expr","locations":[{"start":{"line":84,"column":31},"end":{"line":84,"column":63}},{"start":{"line":84,"column":63},"end":{"line":84,"column":null}}],"line":84},"18":{"loc":{"start":{"line":90,"column":35},"end":{"line":90,"column":null}},"type":"binary-expr","locations":[{"start":{"line":90,"column":35},"end":{"line":90,"column":47}},{"start":{"line":90,"column":47},"end":{"line":90,"column":63}},{"start":{"line":90,"column":63},"end":{"line":90,"column":null}}],"line":90},"19":{"loc":{"start":{"line":99,"column":18},"end":{"line":101,"column":null}},"type":"if","locations":[{"start":{"line":99,"column":18},"end":{"line":101,"column":null}},{"start":{},"end":{}}],"line":99},"20":{"loc":{"start":{"line":110,"column":17},"end":{"line":110,"column":null}},"type":"cond-expr","locations":[{"start":{"line":110,"column":31},"end":{"line":110,"column":39}},{"start":{"line":110,"column":39},"end":{"line":110,"column":null}}],"line":110},"21":{"loc":{"start":{"line":117,"column":7},"end":{"line":124,"column":null}},"type":"binary-expr","locations":[{"start":{"line":117,"column":7},"end":{"line":117,"column":20}},{"start":{"line":117,"column":20},"end":{"line":117,"column":null}},{"start":{"line":118,"column":8},"end":{"line":124,"column":null}}],"line":117}},"s":{"0":2,"1":1377,"2":1377,"3":1377,"4":1377,"5":2,"6":17,"7":0,"8":17,"9":17,"10":1377,"11":17,"12":1377,"13":1215,"14":162,"15":162,"16":162,"17":162,"18":1377,"19":17,"20":1,"21":0,"22":1,"23":1,"24":1,"25":1,"26":0,"27":1,"28":0,"29":17,"30":17,"31":17,"32":17,"33":17,"34":153,"35":1377,"36":1377,"37":1377,"38":1377,"39":2,"40":2,"41":117,"42":2},"f":{"0":1377,"1":17,"2":1377,"3":1377,"4":1,"5":17,"6":17,"7":153,"8":1377,"9":2,"10":117,"11":2},"b":{"0":[2,1375],"1":[40,1335],"2":[510,867],"3":[867,0],"4":[17],"5":[0,17],"6":[1215,162],"7":[162,54],"8":[1377,144,128],"9":[0,1],"10":[1,1],"11":[1,0],"12":[1,1],"13":[0,1],"14":[1,1],"15":[0,1],"16":[17,0],"17":[1377,18],"18":[1377,1053,663],"19":[2,0],"20":[510,867],"21":[17,13,13]},"meta":{"lastBranch":22,"lastFunction":12,"lastStatement":43,"seen":{"s:12:6:33:Infinity":0,"f:12:6:12:Infinity":0,"s:18:15:18:Infinity":1,"s:20:13:24:Infinity":2,"b:21:6:21:Infinity:22:6:24:Infinity":0,"b:23:6:23:Infinity:24:6:24:Infinity":1,"s:26:15:30:Infinity":3,"b:27:6:27:Infinity:28:6:30:Infinity":2,"b:29:6:29:Infinity:30:6:30:Infinity":3,"s:32:2:32:Infinity":4,"s:35:13:128:Infinity":5,"f:35:13:35:28":1,"b:39:13:39:Infinity":4,"b:42:2:42:Infinity:undefined:undefined:undefined:undefined":5,"s:42:2:42:Infinity":6,"s:42:24:42:Infinity":7,"s:44:48:45:Infinity":8,"s:47:8:49:Infinity":9,"f:47:8:47:20":2,"s:48:4:48:Infinity":10,"s:51:8:59:Infinity":11,"f:51:24:51:37":3,"b:52:4:52:Infinity:undefined:undefined:undefined:undefined":6,"s:52:4:52:Infinity":12,"s:52:23:52:Infinity":13,"s:53:21:53:Infinity":14,"s:54:22:54:Infinity":15,"s:55:22:55:Infinity":16,"s:56:22:57:Infinity":17,"b:56:22:56:Infinity:57:22:57:Infinity":7,"s:58:4:58:Infinity":18,"b:58:11:58:24:58:24:58:37:58:37:58:Infinity":8,"s:61:8:68:Infinity":19,"f:61:24:61:37":4,"b:62:4:62:Infinity:undefined:undefined:undefined:undefined":9,"s:62:4:62:Infinity":20,"b:62:8:62:20:62:20:62:51":10,"s:62:51:62:Infinity":21,"s:64:16:64:Infinity":22,"b:65:4:65:Infinity:undefined:undefined:undefined:undefined":11,"s:65:4:65:Infinity":23,"b:65:8:65:20:65:20:65:30":12,"s:65:30:65:Infinity":24,"b:66:4:66:Infinity:undefined:undefined:undefined:undefined":13,"s:66:4:66:Infinity":25,"b:66:8:66:33:66:33:66:48":14,"s:66:48:66:Infinity":26,"b:67:4:67:Infinity:undefined:undefined:undefined:undefined":15,"s:67:4:67:Infinity":27,"s:67:28:67:Infinity":28,"s:70:2:73:Infinity":29,"f:70:2:70:18":5,"s:71:4:71:Infinity":30,"s:72:4:72:Infinity":31,"f:72:4:72:17":6,"s:72:17:72:Infinity":32,"s:75:2:126:Infinity":33,"b:78:41:78:81:78:81:78:Infinity":16,"f:82:24:82:29":7,"s:83:10:113:Infinity":34,"f:83:14:83:19":8,"s:84:31:84:Infinity":35,"b:84:31:84:63:84:63:84:Infinity":17,"s:85:33:85:Infinity":36,"s:90:35:90:Infinity":37,"b:90:35:90:47:90:47:90:63:90:63:90:Infinity":18,"s:92:12:111:Infinity":38,"f:98:16:98:31":9,"b:99:18:101:Infinity:undefined:undefined:undefined:undefined":19,"s:99:18:101:Infinity":39,"s:100:20:100:Infinity":40,"b:110:31:110:39:110:39:110:Infinity":20,"b:117:7:117:20:117:20:117:Infinity:118:8:124:Infinity":21,"f:119:39:119:44":10,"s:120:12:122:Infinity":41,"f:120:28:120:43":11,"s:120:43:120:58":42}}}
,"/sgoinfre/students/mdiaz-or/ft_transcendence/frontend/src/features/sudoku/SudokuGamePage.tsx": {"path":"/sgoinfre/students/mdiaz-or/ft_transcendence/frontend/src/features/sudoku/SudokuGamePage.tsx","statementMap":{"0":{"start":{"line":7,"column":13},"end":{"line":29,"column":null}},"1":{"start":{"line":8,"column":32},"end":{"line":8,"column":null}},"2":{"start":{"line":11,"column":8},"end":{"line":11,"column":null}},"3":{"start":{"line":12,"column":2},"end":{"line":14,"column":null}},"4":{"start":{"line":13,"column":4},"end":{"line":13,"column":null}},"5":{"start":{"line":13,"column":59},"end":{"line":13,"column":67}},"6":{"start":{"line":15,"column":2},"end":{"line":17,"column":null}},"7":{"start":{"line":16,"column":4},"end":{"line":16,"column":null}},"8":{"start":{"line":18,"column":2},"end":{"line":27,"column":null}}},"fnMap":{"0":{"name":"(anonymous_0)","decl":{"start":{"line":7,"column":13},"end":{"line":7,"column":31}},"loc":{"start":{"line":7,"column":66},"end":{"line":29,"column":null}},"line":7},"1":{"name":"(anonymous_1)","decl":{"start":{"line":13,"column":46},"end":{"line":13,"column":51}},"loc":{"start":{"line":13,"column":59},"end":{"line":13,"column":67}},"line":13}},"branchMap":{"0":{"loc":{"start":{"line":12,"column":2},"end":{"line":14,"column":null}},"type":"if","locations":[{"start":{"line":12,"column":2},"end":{"line":14,"column":null}},{"start":{},"end":{}}],"line":12},"1":{"loc":{"start":{"line":12,"column":6},"end":{"line":12,"column":46}},"type":"binary-expr","locations":[{"start":{"line":12,"column":6},"end":{"line":12,"column":20}},{"start":{"line":12,"column":20},"end":{"line":12,"column":46}}],"line":12},"2":{"loc":{"start":{"line":15,"column":2},"end":{"line":17,"column":null}},"type":"if","locations":[{"start":{"line":15,"column":2},"end":{"line":17,"column":null}},{"start":{},"end":{}}],"line":15},"3":{"loc":{"start":{"line":15,"column":6},"end":{"line":15,"column":47}},"type":"binary-expr","locations":[{"start":{"line":15,"column":6},"end":{"line":15,"column":21}},{"start":{"line":15,"column":21},"end":{"line":15,"column":47}}],"line":15},"4":{"loc":{"start":{"line":25,"column":18},"end":{"line":25,"column":null}},"type":"binary-expr","locations":[{"start":{"line":25,"column":18},"end":{"line":25,"column":54}},{"start":{"line":25,"column":54},"end":{"line":25,"column":null}}],"line":25}},"s":{"0":1,"1":10,"2":10,"3":10,"4":3,"5":27,"6":10,"7":4,"8":6},"f":{"0":10,"1":27},"b":{"0":[3,7],"1":[10,6],"2":[4,6],"3":[10,6],"4":[6,6]},"meta":{"lastBranch":5,"lastFunction":2,"lastStatement":9,"seen":{"s:7:13:29:Infinity":0,"f:7:13:7:31":0,"s:8:32:8:Infinity":1,"s:11:8:11:Infinity":2,"b:12:2:14:Infinity:undefined:undefined:undefined:undefined":0,"s:12:2:14:Infinity":3,"b:12:6:12:20:12:20:12:46":1,"s:13:4:13:Infinity":4,"f:13:46:13:51":1,"s:13:59:13:67":5,"b:15:2:17:Infinity:undefined:undefined:undefined:undefined":2,"s:15:2:17:Infinity":6,"b:15:6:15:21:15:21:15:47":3,"s:16:4:16:Infinity":7,"s:18:2:27:Infinity":8,"b:25:18:25:54:25:54:25:Infinity":4}}}
,"/sgoinfre/students/mdiaz-or/ft_transcendence/frontend/src/features/sudoku/service.ts": {"path":"/sgoinfre/students/mdiaz-or/ft_transcendence/frontend/src/features/sudoku/service.ts","statementMap":{"0":{"start":{"line":5,"column":13},"end":{"line":6,"column":null}},"1":{"start":{"line":5,"column":30},"end":{"line":6,"column":null}},"2":{"start":{"line":8,"column":13},"end":{"line":9,"column":null}},"3":{"start":{"line":8,"column":31},"end":{"line":9,"column":null}}},"fnMap":{"0":{"name":"(anonymous_0)","decl":{"start":{"line":5,"column":13},"end":{"line":5,"column":30}},"loc":{"start":{"line":5,"column":30},"end":{"line":6,"column":null}},"line":5},"1":{"name":"(anonymous_1)","decl":{"start":{"line":8,"column":13},"end":{"line":8,"column":31}},"loc":{"start":{"line":8,"column":31},"end":{"line":9,"column":null}},"line":8}},"branchMap":{},"s":{"0":2,"1":8,"2":2,"3":1},"f":{"0":8,"1":1},"b":{},"meta":{"lastBranch":0,"lastFunction":2,"lastStatement":4,"seen":{"s:5:13:6:Infinity":0,"f:5:13:5:30":0,"s:5:30:6:Infinity":1,"s:8:13:9:Infinity":2,"f:8:13:8:31":1,"s:8:31:9:Infinity":3}}}
,"/sgoinfre/students/mdiaz-or/ft_transcendence/frontend/src/features/sudoku/types.ts": {"path":"/sgoinfre/students/mdiaz-or/ft_transcendence/frontend/src/features/sudoku/types.ts","statementMap":{},"fnMap":{},"branchMap":{},"s":{},"f":{},"b":{},"meta":{"lastBranch":0,"lastFunction":0,"lastStatement":0,"seen":{}}}
,"/sgoinfre/students/mdiaz-or/ft_transcendence/frontend/src/features/sudoku/hooks/useSudokuBoard.ts": {"path":"/sgoinfre/students/mdiaz-or/ft_transcendence/frontend/src/features/sudoku/hooks/useSudokuBoard.ts","statementMap":{"0":{"start":{"line":11,"column":13},"end":{"line":40,"column":null}},"1":{"start":{"line":16,"column":23},"end":{"line":16,"column":null}},"2":{"start":{"line":18,"column":8},"end":{"line":21,"column":null}},"3":{"start":{"line":19,"column":43},"end":{"line":19,"column":null}},"4":{"start":{"line":23,"column":8},"end":{"line":26,"column":null}},"5":{"start":{"line":24,"column":4},"end":{"line":24,"column":null}},"6":{"start":{"line":24,"column":28},"end":{"line":24,"column":null}},"7":{"start":{"line":25,"column":4},"end":{"line":25,"column":null}},"8":{"start":{"line":28,"column":8},"end":{"line":36,"column":null}},"9":{"start":{"line":29,"column":4},"end":{"line":29,"column":null}},"10":{"start":{"line":29,"column":23},"end":{"line":29,"column":null}},"11":{"start":{"line":30,"column":23},"end":{"line":30,"column":null}},"12":{"start":{"line":31,"column":4},"end":{"line":31,"column":null}},"13":{"start":{"line":31,"column":28},"end":{"line":31,"column":null}},"14":{"start":{"line":34,"column":4},"end":{"line":34,"column":null}},"15":{"start":{"line":35,"column":4},"end":{"line":35,"column":null}},"16":{"start":{"line":37,"column":8},"end":{"line":37,"column":null}},"17":{"start":{"line":37,"column":31},"end":{"line":37,"column":null}},"18":{"start":{"line":39,"column":2},"end":{"line":39,"column":null}}},"fnMap":{"0":{"name":"(anonymous_0)","decl":{"start":{"line":11,"column":13},"end":{"line":11,"column":null}},"loc":{"start":{"line":15,"column":27},"end":{"line":40,"column":null}},"line":15},"1":{"name":"(anonymous_1)","decl":{"start":{"line":18,"column":19},"end":{"line":18,"column":null}},"loc":{"start":{"line":19,"column":43},"end":{"line":19,"column":null}},"line":19},"2":{"name":"(anonymous_2)","decl":{"start":{"line":23,"column":8},"end":{"line":23,"column":22}},"loc":{"start":{"line":23,"column":51},"end":{"line":26,"column":null}},"line":23},"3":{"name":"(anonymous_3)","decl":{"start":{"line":28,"column":8},"end":{"line":28,"column":22}},"loc":{"start":{"line":28,"column":40},"end":{"line":36,"column":null}},"line":28},"4":{"name":"(anonymous_4)","decl":{"start":{"line":37,"column":8},"end":{"line":37,"column":31}},"loc":{"start":{"line":37,"column":31},"end":{"line":37,"column":null}},"line":37}},"branchMap":{"0":{"loc":{"start":{"line":24,"column":4},"end":{"line":24,"column":null}},"type":"if","locations":[{"start":{"line":24,"column":4},"end":{"line":24,"column":null}},{"start":{},"end":{}}],"line":24},"1":{"loc":{"start":{"line":29,"column":4},"end":{"line":29,"column":null}},"type":"if","locations":[{"start":{"line":29,"column":4},"end":{"line":29,"column":null}},{"start":{},"end":{}}],"line":29},"2":{"loc":{"start":{"line":31,"column":4},"end":{"line":31,"column":null}},"type":"if","locations":[{"start":{"line":31,"column":4},"end":{"line":31,"column":null}},{"start":{},"end":{}}],"line":31}},"s":{"0":3,"1":27,"2":27,"3":9,"4":27,"5":6,"6":1,"7":5,"8":27,"9":5,"10":2,"11":3,"12":3,"13":0,"14":3,"15":3,"16":27,"17":1,"18":27},"f":{"0":27,"1":9,"2":6,"3":5,"4":1},"b":{"0":[1,5],"1":[2,3],"2":[0,3]},"meta":{"lastBranch":3,"lastFunction":5,"lastStatement":19,"seen":{"s:11:13:40:Infinity":0,"f:11:13:11:Infinity":0,"s:16:23:16:Infinity":1,"s:18:8:21:Infinity":2,"f:18:19:18:Infinity":1,"s:19:43:19:Infinity":3,"s:23:8:26:Infinity":4,"f:23:8:23:22":2,"b:24:4:24:Infinity:undefined:undefined:undefined:undefined":0,"s:24:4:24:Infinity":5,"s:24:28:24:Infinity":6,"s:25:4:25:Infinity":7,"s:28:8:36:Infinity":8,"f:28:8:28:22":3,"b:29:4:29:Infinity:undefined:undefined:undefined:undefined":1,"s:29:4:29:Infinity":9,"s:29:23:29:Infinity":10,"s:30:23:30:Infinity":11,"b:31:4:31:Infinity:undefined:undefined:undefined:undefined":2,"s:31:4:31:Infinity":12,"s:31:28:31:Infinity":13,"s:34:4:34:Infinity":14,"s:35:4:35:Infinity":15,"s:37:8:37:Infinity":16,"f:37:8:37:31":4,"s:37:31:37:Infinity":17,"s:39:2:39:Infinity":18}}}
,"/sgoinfre/students/mdiaz-or/ft_transcendence/frontend/src/features/sudoku/hooks/useSudokuGame.ts": {"path":"/sgoinfre/students/mdiaz-or/ft_transcendence/frontend/src/features/sudoku/hooks/useSudokuGame.ts","statementMap":{"0":{"start":{"line":7,"column":17},"end":{"line":7,"column":null}},"1":{"start":{"line":9,"column":13},"end":{"line":47,"column":null}},"2":{"start":{"line":10,"column":8},"end":{"line":10,"column":null}},"3":{"start":{"line":10,"column":42},"end":{"line":10,"column":54}},"4":{"start":{"line":11,"column":8},"end":{"line":11,"column":null}},"5":{"start":{"line":11,"column":45},"end":{"line":11,"column":60}},"6":{"start":{"line":12,"column":8},"end":{"line":12,"column":null}},"7":{"start":{"line":12,"column":44},"end":{"line":12,"column":58}},"8":{"start":{"line":13,"column":8},"end":{"line":13,"column":null}},"9":{"start":{"line":13,"column":40},"end":{"line":13,"column":50}},"10":{"start":{"line":14,"column":10},"end":{"line":14,"column":null}},"11":{"start":{"line":16,"column":2},"end":{"line":32,"column":null}},"12":{"start":{"line":17,"column":17},"end":{"line":30,"column":null}},"13":{"start":{"line":18,"column":6},"end":{"line":18,"column":null}},"14":{"start":{"line":19,"column":6},"end":{"line":29,"column":null}},"15":{"start":{"line":20,"column":8},"end":{"line":26,"column":null}},"16":{"start":{"line":21,"column":37},"end":{"line":21,"column":null}},"17":{"start":{"line":22,"column":10},"end":{"line":22,"column":null}},"18":{"start":{"line":24,"column":22},"end":{"line":24,"column":null}},"19":{"start":{"line":25,"column":10},"end":{"line":25,"column":null}},"20":{"start":{"line":28,"column":8},"end":{"line":28,"column":null}},"21":{"start":{"line":31,"column":4},"end":{"line":31,"column":null}},"22":{"start":{"line":34,"column":19},"end":{"line":45,"column":null}},"23":{"start":{"line":35,"column":4},"end":{"line":44,"column":null}},"24":{"start":{"line":36,"column":6},"end":{"line":41,"column":null}},"25":{"start":{"line":37,"column":8},"end":{"line":37,"column":null}},"26":{"start":{"line":39,"column":8},"end":{"line":39,"column":null}},"27":{"start":{"line":43,"column":6},"end":{"line":43,"column":null}},"28":{"start":{"line":46,"column":2},"end":{"line":46,"column":null}}},"fnMap":{"0":{"name":"(anonymous_0)","decl":{"start":{"line":9,"column":13},"end":{"line":9,"column":30}},"loc":{"start":{"line":9,"column":49},"end":{"line":47,"column":null}},"line":9},"1":{"name":"(anonymous_1)","decl":{"start":{"line":10,"column":21},"end":{"line":10,"column":36}},"loc":{"start":{"line":10,"column":42},"end":{"line":10,"column":54}},"line":10},"2":{"name":"(anonymous_2)","decl":{"start":{"line":11,"column":24},"end":{"line":11,"column":39}},"loc":{"start":{"line":11,"column":45},"end":{"line":11,"column":60}},"line":11},"3":{"name":"(anonymous_3)","decl":{"start":{"line":12,"column":23},"end":{"line":12,"column":38}},"loc":{"start":{"line":12,"column":44},"end":{"line":12,"column":58}},"line":12},"4":{"name":"(anonymous_4)","decl":{"start":{"line":13,"column":19},"end":{"line":13,"column":34}},"loc":{"start":{"line":13,"column":40},"end":{"line":13,"column":50}},"line":13},"5":{"name":"(anonymous_5)","decl":{"start":{"line":16,"column":2},"end":{"line":16,"column":18}},"loc":{"start":{"line":16,"column":18},"end":{"line":32,"column":5}},"line":16},"6":{"name":"(anonymous_6)","decl":{"start":{"line":17,"column":17},"end":{"line":17,"column":29}},"loc":{"start":{"line":17,"column":29},"end":{"line":30,"column":null}},"line":17},"7":{"name":"(anonymous_7)","decl":{"start":{"line":34,"column":19},"end":{"line":34,"column":26}},"loc":{"start":{"line":34,"column":57},"end":{"line":45,"column":null}},"line":34}},"branchMap":{"0":{"loc":{"start":{"line":14,"column":46},"end":{"line":14,"column":70}},"type":"cond-expr","locations":[{"start":{"line":14,"column":57},"end":{"line":14,"column":64}},{"start":{"line":14,"column":64},"end":{"line":14,"column":70}}],"line":14},"1":{"loc":{"start":{"line":20,"column":8},"end":{"line":26,"column":null}},"type":"if","locations":[{"start":{"line":20,"column":8},"end":{"line":26,"column":null}},{"start":{"line":23,"column":15},"end":{"line":26,"column":null}}],"line":20},"2":{"loc":{"start":{"line":36,"column":6},"end":{"line":41,"column":null}},"type":"if","locations":[{"start":{"line":36,"column":6},"end":{"line":41,"column":null}},{"start":{"line":38,"column":13},"end":{"line":41,"column":null}}],"line":36}},"s":{"0":2,"1":2,"2":20,"3":69,"4":20,"5":69,"6":20,"7":69,"8":20,"9":69,"10":20,"11":20,"12":8,"13":8,"14":8,"15":8,"16":0,"17":0,"18":8,"19":7,"20":1,"21":8,"22":20,"23":1,"24":1,"25":0,"26":1,"27":0,"28":20},"f":{"0":20,"1":69,"2":69,"3":69,"4":69,"5":8,"6":8,"7":1},"b":{"0":[0,20],"1":[0,8],"2":[0,1]},"meta":{"lastBranch":3,"lastFunction":8,"lastStatement":29,"seen":{"s:7:17:7:Infinity":0,"s:9:13:47:Infinity":1,"f:9:13:9:30":0,"s:10:8:10:Infinity":2,"f:10:21:10:36":1,"s:10:42:10:54":3,"s:11:8:11:Infinity":4,"f:11:24:11:39":2,"s:11:45:11:60":5,"s:12:8:12:Infinity":6,"f:12:23:12:38":3,"s:12:44:12:58":7,"s:13:8:13:Infinity":8,"f:13:19:13:34":4,"s:13:40:13:50":9,"s:14:10:14:Infinity":10,"b:14:57:14:64:14:64:14:70":0,"s:16:2:32:Infinity":11,"f:16:2:16:18":5,"s:17:17:30:Infinity":12,"f:17:17:17:29":6,"s:18:6:18:Infinity":13,"s:19:6:29:Infinity":14,"b:20:8:26:Infinity:23:15:26:Infinity":1,"s:20:8:26:Infinity":15,"s:21:37:21:Infinity":16,"s:22:10:22:Infinity":17,"s:24:22:24:Infinity":18,"s:25:10:25:Infinity":19,"s:28:8:28:Infinity":20,"s:31:4:31:Infinity":21,"s:34:19:45:Infinity":22,"f:34:19:34:26":7,"s:35:4:44:Infinity":23,"b:36:6:41:Infinity:38:13:41:Infinity":2,"s:36:6:41:Infinity":24,"s:37:8:37:Infinity":25,"s:39:8:39:Infinity":26,"s:43:6:43:Infinity":27,"s:46:2:46:Infinity":28}}}
,"/sgoinfre/students/mdiaz-or/ft_transcendence/frontend/src/hooks/index.ts": {"path":"/sgoinfre/students/mdiaz-or/ft_transcendence/frontend/src/hooks/index.ts","statementMap":{},"fnMap":{},"branchMap":{},"s":{},"f":{},"b":{},"meta":{"lastBranch":0,"lastFunction":0,"lastStatement":0,"seen":{}}}
,"/sgoinfre/students/mdiaz-or/ft_transcendence/frontend/src/hooks/useActionCable.ts": {"path":"/sgoinfre/students/mdiaz-or/ft_transcendence/frontend/src/hooks/useActionCable.ts","statementMap":{"0":{"start":{"line":5,"column":18},"end":{"line":5,"column":null}},"1":{"start":{"line":8,"column":32},"end":{"line":8,"column":null}},"2":{"start":{"line":10,"column":6},"end":{"line":15,"column":null}},"3":{"start":{"line":11,"column":2},"end":{"line":13,"column":null}},"4":{"start":{"line":12,"column":4},"end":{"line":12,"column":null}},"5":{"start":{"line":14,"column":2},"end":{"line":14,"column":null}},"6":{"start":{"line":17,"column":13},"end":{"line":20,"column":null}},"7":{"start":{"line":18,"column":2},"end":{"line":18,"column":null}},"8":{"start":{"line":19,"column":2},"end":{"line":19,"column":null}},"9":{"start":{"line":22,"column":13},"end":{"line":25,"column":null}},"10":{"start":{"line":23,"column":8},"end":{"line":23,"column":null}},"11":{"start":{"line":24,"column":2},"end":{"line":24,"column":null}}},"fnMap":{"0":{"name":"(anonymous_0)","decl":{"start":{"line":10,"column":6},"end":{"line":10,"column":36}},"loc":{"start":{"line":10,"column":36},"end":{"line":15,"column":null}},"line":10},"1":{"name":"(anonymous_1)","decl":{"start":{"line":17,"column":13},"end":{"line":17,"column":46}},"loc":{"start":{"line":17,"column":46},"end":{"line":20,"column":null}},"line":17},"2":{"name":"(anonymous_2)","decl":{"start":{"line":22,"column":13},"end":{"line":22,"column":36}},"loc":{"start":{"line":22,"column":36},"end":{"line":25,"column":null}},"line":22}},"branchMap":{"0":{"loc":{"start":{"line":5,"column":18},"end":{"line":5,"column":null}},"type":"binary-expr","locations":[{"start":{"line":5,"column":18},"end":{"line":5,"column":52}},{"start":{"line":5,"column":52},"end":{"line":5,"column":null}}],"line":5},"1":{"loc":{"start":{"line":11,"column":2},"end":{"line":13,"column":null}},"type":"if","locations":[{"start":{"line":11,"column":2},"end":{"line":13,"column":null}},{"start":{},"end":{}}],"line":11}},"s":{"0":4,"1":4,"2":4,"3":47,"4":4,"5":47,"6":4,"7":0,"8":0,"9":4,"10":47,"11":47},"f":{"0":47,"1":0,"2":47},"b":{"0":[4,4],"1":[4,43]},"meta":{"lastBranch":2,"lastFunction":3,"lastStatement":12,"seen":{"s:5:18:5:Infinity":0,"b:5:18:5:52:5:52:5:Infinity":0,"s:8:32:8:Infinity":1,"s:10:6:15:Infinity":2,"f:10:6:10:36":0,"b:11:2:13:Infinity:undefined:undefined:undefined:undefined":1,"s:11:2:13:Infinity":3,"s:12:4:12:Infinity":4,"s:14:2:14:Infinity":5,"s:17:13:20:Infinity":6,"f:17:13:17:46":1,"s:18:2:18:Infinity":7,"s:19:2:19:Infinity":8,"s:22:13:25:Infinity":9,"f:22:13:22:36":2,"s:23:8:23:Infinity":10,"s:24:2:24:Infinity":11}}}
,"/sgoinfre/students/mdiaz-or/ft_transcendence/frontend/src/hooks/useGameChannel.ts": {"path":"/sgoinfre/students/mdiaz-or/ft_transcendence/frontend/src/hooks/useGameChannel.ts","statementMap":{"0":{"start":{"line":20,"column":13},"end":{"line":82,"column":null}},"1":{"start":{"line":21,"column":10},"end":{"line":21,"column":null}},"2":{"start":{"line":22,"column":8},"end":{"line":22,"column":null}},"3":{"start":{"line":23,"column":27},"end":{"line":23,"column":null}},"4":{"start":{"line":24,"column":20},"end":{"line":24,"column":null}},"5":{"start":{"line":26,"column":8},"end":{"line":26,"column":null}},"6":{"start":{"line":26,"column":44},"end":{"line":26,"column":58}},"7":{"start":{"line":27,"column":8},"end":{"line":27,"column":null}},"8":{"start":{"line":27,"column":45},"end":{"line":27,"column":60}},"9":{"start":{"line":29,"column":2},"end":{"line":80,"column":null}},"10":{"start":{"line":30,"column":4},"end":{"line":30,"column":null}},"11":{"start":{"line":30,"column":17},"end":{"line":30,"column":null}},"12":{"start":{"line":32,"column":4},"end":{"line":32,"column":null}},"13":{"start":{"line":34,"column":4},"end":{"line":74,"column":null}},"14":{"start":{"line":38,"column":10},"end":{"line":38,"column":null}},"15":{"start":{"line":41,"column":10},"end":{"line":41,"column":null}},"16":{"start":{"line":43,"column":10},"end":{"line":45,"column":null}},"17":{"start":{"line":44,"column":12},"end":{"line":44,"column":null}},"18":{"start":{"line":48,"column":10},"end":{"line":48,"column":null}},"19":{"start":{"line":49,"column":10},"end":{"line":49,"column":null}},"20":{"start":{"line":52,"column":10},"end":{"line":52,"column":null}},"21":{"start":{"line":52,"column":47},"end":{"line":52,"column":null}},"22":{"start":{"line":53,"column":24},"end":{"line":53,"column":null}},"23":{"start":{"line":55,"column":10},"end":{"line":55,"column":null}},"24":{"start":{"line":57,"column":10},"end":{"line":71,"column":null}},"25":{"start":{"line":59,"column":14},"end":{"line":59,"column":null}},"26":{"start":{"line":60,"column":14},"end":{"line":60,"column":null}},"27":{"start":{"line":62,"column":14},"end":{"line":62,"column":null}},"28":{"start":{"line":63,"column":14},"end":{"line":63,"column":null}},"29":{"start":{"line":65,"column":14},"end":{"line":65,"column":null}},"30":{"start":{"line":67,"column":14},"end":{"line":67,"column":null}},"31":{"start":{"line":68,"column":14},"end":{"line":68,"column":null}},"32":{"start":{"line":70,"column":14},"end":{"line":70,"column":null}},"33":{"start":{"line":75,"column":4},"end":{"line":79,"column":null}},"34":{"start":{"line":76,"column":6},"end":{"line":76,"column":null}},"35":{"start":{"line":77,"column":6},"end":{"line":77,"column":null}},"36":{"start":{"line":78,"column":6},"end":{"line":78,"column":null}},"37":{"start":{"line":81,"column":2},"end":{"line":81,"column":null}}},"fnMap":{"0":{"name":"(anonymous_0)","decl":{"start":{"line":20,"column":13},"end":{"line":20,"column":31}},"loc":{"start":{"line":20,"column":78},"end":{"line":82,"column":null}},"line":20},"1":{"name":"(anonymous_1)","decl":{"start":{"line":26,"column":23},"end":{"line":26,"column":38}},"loc":{"start":{"line":26,"column":44},"end":{"line":26,"column":58}},"line":26},"2":{"name":"(anonymous_2)","decl":{"start":{"line":27,"column":24},"end":{"line":27,"column":39}},"loc":{"start":{"line":27,"column":45},"end":{"line":27,"column":60}},"line":27},"3":{"name":"(anonymous_3)","decl":{"start":{"line":29,"column":2},"end":{"line":29,"column":18}},"loc":{"start":{"line":29,"column":18},"end":{"line":80,"column":5}},"line":29},"4":{"name":"connected","decl":{"start":{"line":37,"column":8},"end":{"line":37,"column":20}},"loc":{"start":{"line":37,"column":20},"end":{"line":39,"column":null}},"line":37},"5":{"name":"disconnected","decl":{"start":{"line":40,"column":8},"end":{"line":40,"column":23}},"loc":{"start":{"line":40,"column":23},"end":{"line":46,"column":null}},"line":40},"6":{"name":"(anonymous_6)","decl":{"start":{"line":43,"column":10},"end":{"line":43,"column":27}},"loc":{"start":{"line":43,"column":27},"end":{"line":45,"column":13}},"line":43},"7":{"name":"rejected","decl":{"start":{"line":47,"column":8},"end":{"line":47,"column":19}},"loc":{"start":{"line":47,"column":19},"end":{"line":50,"column":null}},"line":47},"8":{"name":"recieved","decl":{"start":{"line":51,"column":8},"end":{"line":51,"column":17}},"loc":{"start":{"line":51,"column":31},"end":{"line":72,"column":null}},"line":51},"9":{"name":"(anonymous_9)","decl":{"start":{"line":75,"column":4},"end":{"line":75,"column":17}},"loc":{"start":{"line":75,"column":17},"end":{"line":79,"column":null}},"line":75}},"branchMap":{"0":{"loc":{"start":{"line":30,"column":4},"end":{"line":30,"column":null}},"type":"if","locations":[{"start":{"line":30,"column":4},"end":{"line":30,"column":null}},{"start":{},"end":{}}],"line":30},"1":{"loc":{"start":{"line":52,"column":10},"end":{"line":52,"column":null}},"type":"if","locations":[{"start":{"line":52,"column":10},"end":{"line":52,"column":null}},{"start":{},"end":{}}],"line":52},"2":{"loc":{"start":{"line":52,"column":14},"end":{"line":52,"column":47}},"type":"binary-expr","locations":[{"start":{"line":52,"column":14},"end":{"line":52,"column":22}},{"start":{"line":52,"column":22},"end":{"line":52,"column":47}}],"line":52},"3":{"loc":{"start":{"line":57,"column":10},"end":{"line":71,"column":null}},"type":"switch","locations":[{"start":{"line":58,"column":12},"end":{"line":60,"column":null}},{"start":{"line":61,"column":12},"end":{"line":63,"column":null}},{"start":{"line":64,"column":12},"end":{"line":65,"column":null}},{"start":{"line":66,"column":12},"end":{"line":68,"column":null}},{"start":{"line":69,"column":12},"end":{"line":70,"column":null}}],"line":57}},"s":{"0":4,"1":47,"2":47,"3":47,"4":47,"5":47,"6":163,"7":47,"8":163,"9":47,"10":19,"11":0,"12":19,"13":19,"14":0,"15":0,"16":0,"17":0,"18":0,"19":0,"20":0,"21":0,"22":0,"23":0,"24":0,"25":0,"26":0,"27":0,"28":0,"29":0,"30":0,"31":0,"32":0,"33":19,"34":19,"35":19,"36":19,"37":47},"f":{"0":47,"1":163,"2":163,"3":19,"4":0,"5":0,"6":0,"7":0,"8":0,"9":19},"b":{"0":[0,19],"1":[0,0],"2":[0,0],"3":[0,0,0,0,0]},"meta":{"lastBranch":4,"lastFunction":10,"lastStatement":38,"seen":{"s:20:13:82:Infinity":0,"f:20:13:20:31":0,"s:21:10:21:Infinity":1,"s:22:8:22:Infinity":2,"s:23:27:23:Infinity":3,"s:24:20:24:Infinity":4,"s:26:8:26:Infinity":5,"f:26:23:26:38":1,"s:26:44:26:58":6,"s:27:8:27:Infinity":7,"f:27:24:27:39":2,"s:27:45:27:60":8,"s:29:2:80:Infinity":9,"f:29:2:29:18":3,"b:30:4:30:Infinity:undefined:undefined:undefined:undefined":0,"s:30:4:30:Infinity":10,"s:30:17:30:Infinity":11,"s:32:4:32:Infinity":12,"s:34:4:74:Infinity":13,"f:37:8:37:20":4,"s:38:10:38:Infinity":14,"f:40:8:40:23":5,"s:41:10:41:Infinity":15,"s:43:10:45:Infinity":16,"f:43:10:43:27":6,"s:44:12:44:Infinity":17,"f:47:8:47:19":7,"s:48:10:48:Infinity":18,"s:49:10:49:Infinity":19,"f:51:8:51:17":8,"b:52:10:52:Infinity:undefined:undefined:undefined:undefined":1,"s:52:10:52:Infinity":20,"b:52:14:52:22:52:22:52:47":2,"s:52:47:52:Infinity":21,"s:53:24:53:Infinity":22,"s:55:10:55:Infinity":23,"b:58:12:60:Infinity:61:12:63:Infinity:64:12:65:Infinity:66:12:68:Infinity:69:12:70:Infinity":3,"s:57:10:71:Infinity":24,"s:59:14:59:Infinity":25,"s:60:14:60:Infinity":26,"s:62:14:62:Infinity":27,"s:63:14:63:Infinity":28,"s:65:14:65:Infinity":29,"s:67:14:67:Infinity":30,"s:68:14:68:Infinity":31,"s:70:14:70:Infinity":32,"s:75:4:79:Infinity":33,"f:75:4:75:17":9,"s:76:6:76:Infinity":34,"s:77:6:77:Infinity":35,"s:78:6:78:Infinity":36,"s:81:2:81:Infinity":37}}}
,"/sgoinfre/students/mdiaz-or/ft_transcendence/frontend/src/mocks/auth.mock.ts": {"path":"/sgoinfre/students/mdiaz-or/ft_transcendence/frontend/src/mocks/auth.mock.ts","statementMap":{"0":{"start":{"line":3,"column":30},"end":{"line":7,"column":null}}},"fnMap":{},"branchMap":{},"s":{"0":11},"f":{},"b":{},"meta":{"lastBranch":0,"lastFunction":0,"lastStatement":1,"seen":{"s:3:30:7:Infinity":0}}}
,"/sgoinfre/students/mdiaz-or/ft_transcendence/frontend/src/mocks/chess.mock.ts": {"path":"/sgoinfre/students/mdiaz-or/ft_transcendence/frontend/src/mocks/chess.mock.ts","statementMap":{"0":{"start":{"line":3,"column":45},"end":{"line":9,"column":null}},"1":{"start":{"line":11,"column":54},"end":{"line":21,"column":null}},"2":{"start":{"line":23,"column":54},"end":{"line":33,"column":null}}},"fnMap":{},"branchMap":{},"s":{"0":11,"1":11,"2":11},"f":{},"b":{},"meta":{"lastBranch":0,"lastFunction":0,"lastStatement":3,"seen":{"s:3:45:9:Infinity":0,"s:11:54:21:Infinity":1,"s:23:54:33:Infinity":2}}}
,"/sgoinfre/students/mdiaz-or/ft_transcendence/frontend/src/mocks/index.ts": {"path":"/sgoinfre/students/mdiaz-or/ft_transcendence/frontend/src/mocks/index.ts","statementMap":{},"fnMap":{},"branchMap":{},"s":{},"f":{},"b":{},"meta":{"lastBranch":0,"lastFunction":0,"lastStatement":0,"seen":{}}}
,"/sgoinfre/students/mdiaz-or/ft_transcendence/frontend/src/mocks/sudoku.mock.ts": {"path":"/sgoinfre/students/mdiaz-or/ft_transcendence/frontend/src/mocks/sudoku.mock.ts","statementMap":{"0":{"start":{"line":3,"column":47},"end":{"line":18,"column":null}},"1":{"start":{"line":20,"column":50},"end":{"line":35,"column":null}}},"fnMap":{},"branchMap":{},"s":{"0":11,"1":11},"f":{},"b":{},"meta":{"lastBranch":0,"lastFunction":0,"lastStatement":2,"seen":{"s:3:47:18:Infinity":0,"s:20:50:35:Infinity":1}}}
,"/sgoinfre/students/mdiaz-or/ft_transcendence/frontend/src/services/api.ts": {"path":"/sgoinfre/students/mdiaz-or/ft_transcendence/frontend/src/services/api.ts","statementMap":{"0":{"start":{"line":5,"column":17},"end":{"line":5,"column":null}},"1":{"start":{"line":7,"column":27},"end":{"line":13,"column":null}},"2":{"start":{"line":16,"column":0},"end":{"line":25,"column":null}},"3":{"start":{"line":18,"column":18},"end":{"line":18,"column":null}},"4":{"start":{"line":19,"column":4},"end":{"line":21,"column":null}},"5":{"start":{"line":20,"column":6},"end":{"line":20,"column":null}},"6":{"start":{"line":22,"column":4},"end":{"line":22,"column":null}},"7":{"start":{"line":24,"column":13},"end":{"line":24,"column":null}},"8":{"start":{"line":28,"column":0},"end":{"line":37,"column":null}},"9":{"start":{"line":29,"column":31},"end":{"line":29,"column":null}},"10":{"start":{"line":31,"column":4},"end":{"line":34,"column":null}},"11":{"start":{"line":32,"column":6},"end":{"line":32,"column":null}},"12":{"start":{"line":33,"column":6},"end":{"line":33,"column":null}},"13":{"start":{"line":35,"column":4},"end":{"line":35,"column":null}},"14":{"start":{"line":39,"column":13},"end":{"line":40,"column":null}},"15":{"start":{"line":40,"column":2},"end":{"line":40,"column":null}},"16":{"start":{"line":40,"column":45},"end":{"line":40,"column":53}},"17":{"start":{"line":42,"column":13},"end":{"line":43,"column":null}},"18":{"start":{"line":43,"column":2},"end":{"line":43,"column":null}},"19":{"start":{"line":43,"column":52},"end":{"line":43,"column":60}}},"fnMap":{"0":{"name":"(anonymous_0)","decl":{"start":{"line":16,"column":25},"end":{"line":16,"column":null}},"loc":{"start":{"line":17,"column":42},"end":{"line":23,"column":null}},"line":17},"1":{"name":"(anonymous_1)","decl":{"start":{"line":23,"column":2},"end":{"line":23,"column":null}},"loc":{"start":{"line":24,"column":13},"end":{"line":24,"column":null}},"line":24},"2":{"name":"(anonymous_2)","decl":{"start":{"line":28,"column":26},"end":{"line":28,"column":null}},"loc":{"start":{"line":29,"column":31},"end":{"line":29,"column":null}},"line":29},"3":{"name":"(anonymous_3)","decl":{"start":{"line":29,"column":31},"end":{"line":29,"column":null}},"loc":{"start":{"line":30,"column":13},"end":{"line":36,"column":null}},"line":30},"4":{"name":"(anonymous_4)","decl":{"start":{"line":39,"column":13},"end":{"line":39,"column":23}},"loc":{"start":{"line":40,"column":2},"end":{"line":40,"column":null}},"line":40},"5":{"name":"(anonymous_5)","decl":{"start":{"line":40,"column":31},"end":{"line":40,"column":37}},"loc":{"start":{"line":40,"column":45},"end":{"line":40,"column":53}},"line":40},"6":{"name":"(anonymous_6)","decl":{"start":{"line":42,"column":13},"end":{"line":42,"column":37}},"loc":{"start":{"line":43,"column":2},"end":{"line":43,"column":null}},"line":43},"7":{"name":"(anonymous_7)","decl":{"start":{"line":43,"column":38},"end":{"line":43,"column":44}},"loc":{"start":{"line":43,"column":52},"end":{"line":43,"column":60}},"line":43}},"branchMap":{"0":{"loc":{"start":{"line":5,"column":17},"end":{"line":5,"column":null}},"type":"binary-expr","locations":[{"start":{"line":5,"column":17},"end":{"line":5,"column":49}},{"start":{"line":5,"column":49},"end":{"line":5,"column":null}}],"line":5},"1":{"loc":{"start":{"line":19,"column":4},"end":{"line":21,"column":null}},"type":"if","locations":[{"start":{"line":19,"column":4},"end":{"line":21,"column":null}},{"start":{},"end":{}}],"line":19},"2":{"loc":{"start":{"line":19,"column":8},"end":{"line":19,"column":33}},"type":"binary-expr","locations":[{"start":{"line":19,"column":8},"end":{"line":19,"column":17}},{"start":{"line":19,"column":17},"end":{"line":19,"column":33}}],"line":19},"3":{"loc":{"start":{"line":31,"column":4},"end":{"line":34,"column":null}},"type":"if","locations":[{"start":{"line":31,"column":4},"end":{"line":34,"column":null}},{"start":{},"end":{}}],"line":31}},"s":{"0":4,"1":4,"2":4,"3":22,"4":22,"5":0,"6":22,"7":0,"8":4,"9":19,"10":3,"11":0,"12":0,"13":3,"14":4,"15":19,"16":17,"17":4,"18":3,"19":2},"f":{"0":22,"1":0,"2":19,"3":3,"4":19,"5":17,"6":3,"7":2},"b":{"0":[4,4],"1":[0,22],"2":[22,0],"3":[0,3]},"meta":{"lastBranch":4,"lastFunction":8,"lastStatement":20,"seen":{"s:5:17:5:Infinity":0,"b:5:17:5:49:5:49:5:Infinity":0,"s:7:27:13:Infinity":1,"s:16:0:25:Infinity":2,"f:16:25:16:Infinity":0,"s:18:18:18:Infinity":3,"b:19:4:21:Infinity:undefined:undefined:undefined:undefined":1,"s:19:4:21:Infinity":4,"b:19:8:19:17:19:17:19:33":2,"s:20:6:20:Infinity":5,"s:22:4:22:Infinity":6,"f:23:2:23:Infinity":1,"s:24:13:24:Infinity":7,"s:28:0:37:Infinity":8,"f:28:26:28:Infinity":2,"s:29:31:29:Infinity":9,"f:29:31:29:Infinity":3,"b:31:4:34:Infinity:undefined:undefined:undefined:undefined":3,"s:31:4:34:Infinity":10,"s:32:6:32:Infinity":11,"s:33:6:33:Infinity":12,"s:35:4:35:Infinity":13,"s:39:13:40:Infinity":14,"f:39:13:39:23":4,"s:40:2:40:Infinity":15,"f:40:31:40:37":5,"s:40:45:40:53":16,"s:42:13:43:Infinity":17,"f:42:13:42:37":6,"s:43:2:43:Infinity":18,"f:43:38:43:44":7,"s:43:52:43:60":19}}}
,"/sgoinfre/students/mdiaz-or/ft_transcendence/frontend/src/store/authStore.ts": {"path":"/sgoinfre/students/mdiaz-or/ft_transcendence/frontend/src/store/authStore.ts","statementMap":{"0":{"start":{"line":15,"column":13},"end":{"line":28,"column":null}},"1":{"start":{"line":15,"column":56},"end":{"line":28,"column":2}},"2":{"start":{"line":21,"column":4},"end":{"line":21,"column":null}},"3":{"start":{"line":24,"column":4},"end":{"line":24,"column":null}},"4":{"start":{"line":27,"column":4},"end":{"line":27,"column":null}}},"fnMap":{"0":{"name":"(anonymous_0)","decl":{"start":{"line":15,"column":28},"end":{"line":15,"column":47}},"loc":{"start":{"line":15,"column":56},"end":{"line":28,"column":2}},"line":15},"1":{"name":"(anonymous_1)","decl":{"start":{"line":20,"column":2},"end":{"line":20,"column":12}},"loc":{"start":{"line":21,"column":4},"end":{"line":21,"column":null}},"line":21},"2":{"name":"(anonymous_2)","decl":{"start":{"line":23,"column":2},"end":{"line":23,"column":null}},"loc":{"start":{"line":24,"column":4},"end":{"line":24,"column":null}},"line":24},"3":{"name":"(anonymous_3)","decl":{"start":{"line":26,"column":2},"end":{"line":26,"column":15}},"loc":{"start":{"line":27,"column":4},"end":{"line":27,"column":null}},"line":27}},"branchMap":{},"s":{"0":4,"1":4,"2":0,"3":0,"4":0},"f":{"0":4,"1":0,"2":0,"3":0},"b":{},"meta":{"lastBranch":0,"lastFunction":4,"lastStatement":5,"seen":{"s:15:13:28:Infinity":0,"f:15:28:15:47":0,"s:15:56:28:2":1,"f:20:2:20:12":1,"s:21:4:21:Infinity":2,"f:23:2:23:Infinity":2,"s:24:4:24:Infinity":3,"f:26:2:26:15":3,"s:27:4:27:Infinity":4}}}
,"/sgoinfre/students/mdiaz-or/ft_transcendence/frontend/src/store/index.ts": {"path":"/sgoinfre/students/mdiaz-or/ft_transcendence/frontend/src/store/index.ts","statementMap":{},"fnMap":{},"branchMap":{},"s":{},"f":{},"b":{},"meta":{"lastBranch":0,"lastFunction":0,"lastStatement":0,"seen":{}}}
,"/sgoinfre/students/mdiaz-or/ft_transcendence/frontend/src/store/matchStore.ts": {"path":"/sgoinfre/students/mdiaz-or/ft_transcendence/frontend/src/store/matchStore.ts","statementMap":{"0":{"start":{"line":23,"column":21},"end":{"line":29,"column":null}},"1":{"start":{"line":31,"column":13},"end":{"line":48,"column":null}},"2":{"start":{"line":31,"column":58},"end":{"line":48,"column":2}},"3":{"start":{"line":35,"column":4},"end":{"line":35,"column":null}},"4":{"start":{"line":38,"column":4},"end":{"line":38,"column":null}},"5":{"start":{"line":41,"column":4},"end":{"line":41,"column":null}},"6":{"start":{"line":44,"column":4},"end":{"line":44,"column":null}},"7":{"start":{"line":47,"column":4},"end":{"line":47,"column":null}}},"fnMap":{"0":{"name":"(anonymous_0)","decl":{"start":{"line":31,"column":29},"end":{"line":31,"column":49}},"loc":{"start":{"line":31,"column":58},"end":{"line":48,"column":2}},"line":31},"1":{"name":"(anonymous_1)","decl":{"start":{"line":34,"column":2},"end":{"line":34,"column":17}},"loc":{"start":{"line":35,"column":4},"end":{"line":35,"column":null}},"line":35},"2":{"name":"(anonymous_2)","decl":{"start":{"line":37,"column":2},"end":{"line":37,"column":17}},"loc":{"start":{"line":38,"column":4},"end":{"line":38,"column":null}},"line":38},"3":{"name":"(anonymous_3)","decl":{"start":{"line":40,"column":2},"end":{"line":40,"column":18}},"loc":{"start":{"line":41,"column":4},"end":{"line":41,"column":null}},"line":41},"4":{"name":"(anonymous_4)","decl":{"start":{"line":43,"column":2},"end":{"line":43,"column":13}},"loc":{"start":{"line":44,"column":4},"end":{"line":44,"column":null}},"line":44},"5":{"name":"(anonymous_5)","decl":{"start":{"line":46,"column":2},"end":{"line":46,"column":null}},"loc":{"start":{"line":47,"column":4},"end":{"line":47,"column":null}},"line":47}},"branchMap":{},"s":{"0":5,"1":5,"2":5,"3":21,"4":12,"5":8,"6":4,"7":27},"f":{"0":5,"1":21,"2":12,"3":8,"4":4,"5":27},"b":{},"meta":{"lastBranch":0,"lastFunction":6,"lastStatement":8,"seen":{"s:23:21:29:Infinity":0,"s:31:13:48:Infinity":1,"f:31:29:31:49":0,"s:31:58:48:2":2,"f:34:2:34:17":1,"s:35:4:35:Infinity":3,"f:37:2:37:17":2,"s:38:4:38:Infinity":4,"f:40:2:40:18":3,"s:41:4:41:Infinity":5,"f:43:2:43:13":4,"s:44:4:44:Infinity":6,"f:46:2:46:Infinity":5,"s:47:4:47:Infinity":7}}}
,"/sgoinfre/students/mdiaz-or/ft_transcendence/frontend/src/test/mswServer.ts": {"path":"/sgoinfre/students/mdiaz-or/ft_transcendence/frontend/src/test/mswServer.ts","statementMap":{"0":{"start":{"line":5,"column":24},"end":{"line":21,"column":null}},"1":{"start":{"line":7,"column":4},"end":{"line":7,"column":null}},"2":{"start":{"line":10,"column":4},"end":{"line":10,"column":null}},"3":{"start":{"line":13,"column":4},"end":{"line":13,"column":null}},"4":{"start":{"line":16,"column":4},"end":{"line":16,"column":null}},"5":{"start":{"line":19,"column":4},"end":{"line":19,"column":null}},"6":{"start":{"line":24,"column":29},"end":{"line":34,"column":null}},"7":{"start":{"line":26,"column":4},"end":{"line":26,"column":null}},"8":{"start":{"line":29,"column":4},"end":{"line":29,"column":null}},"9":{"start":{"line":32,"column":4},"end":{"line":32,"column":null}},"10":{"start":{"line":36,"column":13},"end":{"line":36,"column":null}}},"fnMap":{"0":{"name":"(anonymous_0)","decl":{"start":{"line":6,"column":11},"end":{"line":6,"column":null}},"loc":{"start":{"line":7,"column":4},"end":{"line":7,"column":null}},"line":7},"1":{"name":"(anonymous_1)","decl":{"start":{"line":9,"column":12},"end":{"line":9,"column":null}},"loc":{"start":{"line":10,"column":4},"end":{"line":10,"column":null}},"line":10},"2":{"name":"(anonymous_2)","decl":{"start":{"line":12,"column":12},"end":{"line":12,"column":null}},"loc":{"start":{"line":13,"column":4},"end":{"line":13,"column":null}},"line":13},"3":{"name":"(anonymous_3)","decl":{"start":{"line":15,"column":11},"end":{"line":15,"column":null}},"loc":{"start":{"line":16,"column":4},"end":{"line":16,"column":null}},"line":16},"4":{"name":"(anonymous_4)","decl":{"start":{"line":18,"column":12},"end":{"line":18,"column":null}},"loc":{"start":{"line":19,"column":4},"end":{"line":19,"column":null}},"line":19},"5":{"name":"(anonymous_5)","decl":{"start":{"line":25,"column":26},"end":{"line":25,"column":null}},"loc":{"start":{"line":26,"column":4},"end":{"line":26,"column":null}},"line":26},"6":{"name":"(anonymous_6)","decl":{"start":{"line":28,"column":26},"end":{"line":28,"column":null}},"loc":{"start":{"line":29,"column":4},"end":{"line":29,"column":null}},"line":29},"7":{"name":"(anonymous_7)","decl":{"start":{"line":31,"column":27},"end":{"line":31,"column":null}},"loc":{"start":{"line":32,"column":4},"end":{"line":32,"column":null}},"line":32}},"branchMap":{},"s":{"0":11,"1":10,"2":1,"3":0,"4":7,"5":1,"6":11,"7":1,"8":1,"9":1,"10":11},"f":{"0":10,"1":1,"2":0,"3":7,"4":1,"5":1,"6":1,"7":1},"b":{},"meta":{"lastBranch":0,"lastFunction":8,"lastStatement":11,"seen":{"s:5:24:21:Infinity":0,"f:6:11:6:Infinity":0,"s:7:4:7:Infinity":1,"f:9:12:9:Infinity":1,"s:10:4:10:Infinity":2,"f:12:12:12:Infinity":2,"s:13:4:13:Infinity":3,"f:15:11:15:Infinity":3,"s:16:4:16:Infinity":4,"f:18:12:18:Infinity":4,"s:19:4:19:Infinity":5,"s:24:29:34:Infinity":6,"f:25:26:25:Infinity":5,"s:26:4:26:Infinity":7,"f:28:26:28:Infinity":6,"s:29:4:29:Infinity":8,"f:31:27:31:Infinity":7,"s:32:4:32:Infinity":9,"s:36:13:36:Infinity":10}}}
}
