{"/home/manu/Desktop/ft_transcendence/frontend/src/features/chess/hooks/useChessBoard.ts": {"path":"/home/manu/Desktop/ft_transcendence/frontend/src/features/chess/hooks/useChessBoard.ts","statementMap":{"0":{"start":{"line":11,"column":13},"end":{"line":37,"column":null}},"1":{"start":{"line":14,"column":25},"end":{"line":14,"column":null}},"2":{"start":{"line":15,"column":22},"end":{"line":15,"column":null}},"3":{"start":{"line":17,"column":8},"end":{"line":30,"column":null}},"4":{"start":{"line":18,"column":4},"end":{"line":21,"column":null}},"5":{"start":{"line":19,"column":6},"end":{"line":19,"column":null}},"6":{"start":{"line":20,"column":6},"end":{"line":20,"column":null}},"7":{"start":{"line":22,"column":4},"end":{"line":25,"column":null}},"8":{"start":{"line":23,"column":6},"end":{"line":23,"column":null}},"9":{"start":{"line":24,"column":6},"end":{"line":24,"column":null}},"10":{"start":{"line":27,"column":4},"end":{"line":27,"column":null}},"11":{"start":{"line":28,"column":4},"end":{"line":28,"column":null}},"12":{"start":{"line":29,"column":4},"end":{"line":29,"column":null}},"13":{"start":{"line":32,"column":8},"end":{"line":35,"column":null}},"14":{"start":{"line":33,"column":4},"end":{"line":33,"column":null}},"15":{"start":{"line":34,"column":4},"end":{"line":34,"column":null}},"16":{"start":{"line":36,"column":2},"end":{"line":36,"column":null}}},"fnMap":{"0":{"name":"(anonymous_0)","decl":{"start":{"line":11,"column":13},"end":{"line":11,"column":null}},"loc":{"start":{"line":13,"column":26},"end":{"line":37,"column":null}},"line":13},"1":{"name":"(anonymous_1)","decl":{"start":{"line":17,"column":8},"end":{"line":17,"column":24}},"loc":{"start":{"line":17,"column":43},"end":{"line":30,"column":null}},"line":17},"2":{"name":"(anonymous_2)","decl":{"start":{"line":32,"column":8},"end":{"line":32,"column":31}},"loc":{"start":{"line":32,"column":31},"end":{"line":35,"column":null}},"line":32}},"branchMap":{"0":{"loc":{"start":{"line":18,"column":4},"end":{"line":21,"column":null}},"type":"if","locations":[{"start":{"line":18,"column":4},"end":{"line":21,"column":null}},{"start":{},"end":{}}],"line":18},"1":{"loc":{"start":{"line":22,"column":4},"end":{"line":25,"column":null}},"type":"if","locations":[{"start":{"line":22,"column":4},"end":{"line":25,"column":null}},{"start":{},"end":{}}],"line":22}},"s":{"0":1,"1":11,"2":11,"3":11,"4":6,"5":4,"6":4,"7":2,"8":1,"9":1,"10":1,"11":1,"12":1,"13":11,"14":1,"15":1,"16":11},"f":{"0":11,"1":6,"2":1},"b":{"0":[4,2],"1":[1,1]},"meta":{"lastBranch":2,"lastFunction":3,"lastStatement":17,"seen":{"s:11:13:37:Infinity":0,"f:11:13:11:Infinity":0,"s:14:25:14:Infinity":1,"s:15:22:15:Infinity":2,"s:17:8:30:Infinity":3,"f:17:8:17:24":1,"b:18:4:21:Infinity:undefined:undefined:undefined:undefined":0,"s:18:4:21:Infinity":4,"s:19:6:19:Infinity":5,"s:20:6:20:Infinity":6,"b:22:4:25:Infinity:undefined:undefined:undefined:undefined":1,"s:22:4:25:Infinity":7,"s:23:6:23:Infinity":8,"s:24:6:24:Infinity":9,"s:27:4:27:Infinity":10,"s:28:4:28:Infinity":11,"s:29:4:29:Infinity":12,"s:32:8:35:Infinity":13,"f:32:8:32:31":2,"s:33:4:33:Infinity":14,"s:34:4:34:Infinity":15,"s:36:2:36:Infinity":16}}}
,"/home/manu/Desktop/ft_transcendence/frontend/src/features/sudoku/hooks/useSudokuBoard.ts": {"path":"/home/manu/Desktop/ft_transcendence/frontend/src/features/sudoku/hooks/useSudokuBoard.ts","statementMap":{"0":{"start":{"line":11,"column":13},"end":{"line":40,"column":null}},"1":{"start":{"line":16,"column":23},"end":{"line":16,"column":null}},"2":{"start":{"line":18,"column":8},"end":{"line":21,"column":null}},"3":{"start":{"line":19,"column":43},"end":{"line":19,"column":null}},"4":{"start":{"line":23,"column":8},"end":{"line":26,"column":null}},"5":{"start":{"line":24,"column":4},"end":{"line":24,"column":null}},"6":{"start":{"line":24,"column":28},"end":{"line":24,"column":null}},"7":{"start":{"line":25,"column":4},"end":{"line":25,"column":null}},"8":{"start":{"line":28,"column":8},"end":{"line":36,"column":null}},"9":{"start":{"line":29,"column":4},"end":{"line":29,"column":null}},"10":{"start":{"line":29,"column":23},"end":{"line":29,"column":null}},"11":{"start":{"line":30,"column":23},"end":{"line":30,"column":null}},"12":{"start":{"line":31,"column":4},"end":{"line":31,"column":null}},"13":{"start":{"line":31,"column":28},"end":{"line":31,"column":null}},"14":{"start":{"line":34,"column":4},"end":{"line":34,"column":null}},"15":{"start":{"line":35,"column":4},"end":{"line":35,"column":null}},"16":{"start":{"line":37,"column":8},"end":{"line":37,"column":null}},"17":{"start":{"line":37,"column":31},"end":{"line":37,"column":null}},"18":{"start":{"line":39,"column":2},"end":{"line":39,"column":null}}},"fnMap":{"0":{"name":"(anonymous_0)","decl":{"start":{"line":11,"column":13},"end":{"line":11,"column":null}},"loc":{"start":{"line":15,"column":27},"end":{"line":40,"column":null}},"line":15},"1":{"name":"(anonymous_1)","decl":{"start":{"line":18,"column":19},"end":{"line":18,"column":null}},"loc":{"start":{"line":19,"column":43},"end":{"line":19,"column":null}},"line":19},"2":{"name":"(anonymous_2)","decl":{"start":{"line":23,"column":8},"end":{"line":23,"column":22}},"loc":{"start":{"line":23,"column":51},"end":{"line":26,"column":null}},"line":23},"3":{"name":"(anonymous_3)","decl":{"start":{"line":28,"column":8},"end":{"line":28,"column":22}},"loc":{"start":{"line":28,"column":40},"end":{"line":36,"column":null}},"line":28},"4":{"name":"(anonymous_4)","decl":{"start":{"line":37,"column":8},"end":{"line":37,"column":31}},"loc":{"start":{"line":37,"column":31},"end":{"line":37,"column":null}},"line":37}},"branchMap":{"0":{"loc":{"start":{"line":24,"column":4},"end":{"line":24,"column":null}},"type":"if","locations":[{"start":{"line":24,"column":4},"end":{"line":24,"column":null}},{"start":{},"end":{}}],"line":24},"1":{"loc":{"start":{"line":29,"column":4},"end":{"line":29,"column":null}},"type":"if","locations":[{"start":{"line":29,"column":4},"end":{"line":29,"column":null}},{"start":{},"end":{}}],"line":29},"2":{"loc":{"start":{"line":31,"column":4},"end":{"line":31,"column":null}},"type":"if","locations":[{"start":{"line":31,"column":4},"end":{"line":31,"column":null}},{"start":{},"end":{}}],"line":31}},"s":{"0":1,"1":10,"2":10,"3":5,"4":10,"5":4,"6":1,"7":3,"8":10,"9":2,"10":1,"11":1,"12":1,"13":0,"14":1,"15":1,"16":10,"17":1,"18":10},"f":{"0":10,"1":5,"2":4,"3":2,"4":1},"b":{"0":[1,3],"1":[1,1],"2":[0,1]},"meta":{"lastBranch":3,"lastFunction":5,"lastStatement":19,"seen":{"s:11:13:40:Infinity":0,"f:11:13:11:Infinity":0,"s:16:23:16:Infinity":1,"s:18:8:21:Infinity":2,"f:18:19:18:Infinity":1,"s:19:43:19:Infinity":3,"s:23:8:26:Infinity":4,"f:23:8:23:22":2,"b:24:4:24:Infinity:undefined:undefined:undefined:undefined":0,"s:24:4:24:Infinity":5,"s:24:28:24:Infinity":6,"s:25:4:25:Infinity":7,"s:28:8:36:Infinity":8,"f:28:8:28:22":3,"b:29:4:29:Infinity:undefined:undefined:undefined:undefined":1,"s:29:4:29:Infinity":9,"s:29:23:29:Infinity":10,"s:30:23:30:Infinity":11,"b:31:4:31:Infinity:undefined:undefined:undefined:undefined":2,"s:31:4:31:Infinity":12,"s:31:28:31:Infinity":13,"s:34:4:34:Infinity":14,"s:35:4:35:Infinity":15,"s:37:8:37:Infinity":16,"f:37:8:37:31":4,"s:37:31:37:Infinity":17,"s:39:2:39:Infinity":18}}}
,"/home/manu/Desktop/ft_transcendence/frontend/src/mocks/auth.mock.ts": {"path":"/home/manu/Desktop/ft_transcendence/frontend/src/mocks/auth.mock.ts","statementMap":{"0":{"start":{"line":3,"column":30},"end":{"line":7,"column":null}}},"fnMap":{},"branchMap":{},"s":{"0":2},"f":{},"b":{},"meta":{"lastBranch":0,"lastFunction":0,"lastStatement":1,"seen":{"s:3:30:7:Infinity":0}}}
,"/home/manu/Desktop/ft_transcendence/frontend/src/mocks/chess.mock.ts": {"path":"/home/manu/Desktop/ft_transcendence/frontend/src/mocks/chess.mock.ts","statementMap":{"0":{"start":{"line":3,"column":45},"end":{"line":9,"column":null}},"1":{"start":{"line":11,"column":54},"end":{"line":21,"column":null}},"2":{"start":{"line":23,"column":54},"end":{"line":33,"column":null}}},"fnMap":{},"branchMap":{},"s":{"0":2,"1":2,"2":2},"f":{},"b":{},"meta":{"lastBranch":0,"lastFunction":0,"lastStatement":3,"seen":{"s:3:45:9:Infinity":0,"s:11:54:21:Infinity":1,"s:23:54:33:Infinity":2}}}
,"/home/manu/Desktop/ft_transcendence/frontend/src/mocks/index.ts": {"path":"/home/manu/Desktop/ft_transcendence/frontend/src/mocks/index.ts","statementMap":{},"fnMap":{},"branchMap":{},"s":{},"f":{},"b":{},"meta":{"lastBranch":0,"lastFunction":0,"lastStatement":0,"seen":{}}}
,"/home/manu/Desktop/ft_transcendence/frontend/src/mocks/sudoku.mock.ts": {"path":"/home/manu/Desktop/ft_transcendence/frontend/src/mocks/sudoku.mock.ts","statementMap":{"0":{"start":{"line":3,"column":47},"end":{"line":18,"column":null}},"1":{"start":{"line":20,"column":50},"end":{"line":35,"column":null}}},"fnMap":{},"branchMap":{},"s":{"0":2,"1":2},"f":{},"b":{},"meta":{"lastBranch":0,"lastFunction":0,"lastStatement":2,"seen":{"s:3:47:18:Infinity":0,"s:20:50:35:Infinity":1}}}
,"/home/manu/Desktop/ft_transcendence/frontend/src/store/matchStore.ts": {"path":"/home/manu/Desktop/ft_transcendence/frontend/src/store/matchStore.ts","statementMap":{"0":{"start":{"line":23,"column":21},"end":{"line":29,"column":null}},"1":{"start":{"line":31,"column":13},"end":{"line":48,"column":null}},"2":{"start":{"line":31,"column":58},"end":{"line":48,"column":2}},"3":{"start":{"line":35,"column":4},"end":{"line":35,"column":null}},"4":{"start":{"line":38,"column":4},"end":{"line":38,"column":null}},"5":{"start":{"line":41,"column":4},"end":{"line":41,"column":null}},"6":{"start":{"line":44,"column":4},"end":{"line":44,"column":null}},"7":{"start":{"line":47,"column":4},"end":{"line":47,"column":null}}},"fnMap":{"0":{"name":"(anonymous_0)","decl":{"start":{"line":31,"column":29},"end":{"line":31,"column":49}},"loc":{"start":{"line":31,"column":58},"end":{"line":48,"column":2}},"line":31},"1":{"name":"(anonymous_1)","decl":{"start":{"line":34,"column":2},"end":{"line":34,"column":17}},"loc":{"start":{"line":35,"column":4},"end":{"line":35,"column":null}},"line":35},"2":{"name":"(anonymous_2)","decl":{"start":{"line":37,"column":2},"end":{"line":37,"column":17}},"loc":{"start":{"line":38,"column":4},"end":{"line":38,"column":null}},"line":38},"3":{"name":"(anonymous_3)","decl":{"start":{"line":40,"column":2},"end":{"line":40,"column":18}},"loc":{"start":{"line":41,"column":4},"end":{"line":41,"column":null}},"line":41},"4":{"name":"(anonymous_4)","decl":{"start":{"line":43,"column":2},"end":{"line":43,"column":13}},"loc":{"start":{"line":44,"column":4},"end":{"line":44,"column":null}},"line":44},"5":{"name":"(anonymous_5)","decl":{"start":{"line":46,"column":2},"end":{"line":46,"column":null}},"loc":{"start":{"line":47,"column":4},"end":{"line":47,"column":null}},"line":47}},"branchMap":{},"s":{"0":1,"1":1,"2":1,"3":2,"4":2,"5":1,"6":1,"7":8},"f":{"0":1,"1":2,"2":2,"3":1,"4":1,"5":8},"b":{},"meta":{"lastBranch":0,"lastFunction":6,"lastStatement":8,"seen":{"s:23:21:29:Infinity":0,"s:31:13:48:Infinity":1,"f:31:29:31:49":0,"s:31:58:48:2":2,"f:34:2:34:17":1,"s:35:4:35:Infinity":3,"f:37:2:37:17":2,"s:38:4:38:Infinity":4,"f:40:2:40:18":3,"s:41:4:41:Infinity":5,"f:43:2:43:13":4,"s:44:4:44:Infinity":6,"f:46:2:46:Infinity":5,"s:47:4:47:Infinity":7}}}
}
